Copyright 1986-2015 Xilinx, Inc. All Rights Reserved.
----------------------------------------------------------------------------------------------------------------
| Tool Version : Vivado v.2015.2 (lin64) Build 1266856 Fri Jun 26 16:35:25 MDT 2015
| Date         : Thu Dec  7 16:33:45 2017
| Host         : HUGO running 64-bit Ubuntu 14.04.5 LTS
| Command      : report_timing -file out/post_route_timing.rpt -sort_by group -max_paths 100 -path_type summary
| Design       : red_pitaya_top
| Device       : 7z010-clg400
| Speed File   : -1  PRODUCTION 1.11 2014-09-11
----------------------------------------------------------------------------------------------------------------

Timing Report

Startpoint                     Endpoint                       Slack(ns)     
----------------------------------------------------------------------------
i_lock/i_gen_mod/cnt_reg_rep/CLKBWRCLK
                               i_lock/i_lock_pid_block_B/kp_mult/A[24]
                                                              -12.426       
i_lock/i_gen_mod/cnt_reg_rep/CLKBWRCLK
                               i_lock/i_lock_pid_block_B/kp_mult/A[18]
                                                              -12.398       
i_lock/i_gen_mod/cnt_reg_rep/CLKBWRCLK
                               i_lock/i_lock_pid_block_B/kp_mult/A[19]
                                                              -12.398       
i_lock/i_gen_mod/cnt_reg_rep/CLKBWRCLK
                               i_lock/i_lock_pid_block_B/kp_mult/A[22]
                                                              -12.394       
i_lock/i_gen_mod/cnt_reg_rep/CLKBWRCLK
                               i_lock/i_lock_pid_block_B/kp_mult/A[23]
                                                              -12.394       
i_lock/i_gen_mod/cnt_reg_rep/CLKBWRCLK
                               i_lock/i_lock_pid_block_B/kp_mult/A[14]
                                                              -12.392       
i_lock/i_gen_mod/cnt_reg_rep/CLKBWRCLK
                               i_lock/i_lock_pid_block_B/kp_mult/A[15]
                                                              -12.392       
i_lock/i_gen_mod/cnt_reg_rep/CLKBWRCLK
                               i_lock/i_lock_pid_block_B/kp_mult/A[28]
                                                              -12.348       
i_lock/i_gen_mod/cnt_reg_rep/CLKBWRCLK
                               i_lock/i_lock_pid_block_B/kp_mult/A[29]
                                                              -12.348       
i_lock/i_gen_mod/cnt_reg_rep/CLKBWRCLK
                               i_lock/i_lock_pid_block_B/kp_mult/A[25]
                                                              -12.237       
i_lock/i_gen_mod/cnt_reg_rep/CLKBWRCLK
                               i_lock/i_lock_pid_block_B/kp_mult/A[26]
                                                              -12.237       
i_lock/i_gen_mod/cnt_reg_rep/CLKBWRCLK
                               i_lock/i_lock_pid_block_B/kp_mult/A[27]
                                                              -12.237       
i_lock/i_gen_mod/cnt_reg_rep/CLKBWRCLK
                               i_lock/i_lock_pid_block_B/kp_mult/A[16]
                                                              -12.220       
i_lock/i_gen_mod/cnt_reg_rep/CLKBWRCLK
                               i_lock/i_lock_pid_block_B/kp_mult/A[17]
                                                              -12.220       
i_lock/i_gen_mod/cnt_reg_rep/CLKBWRCLK
                               i_lock/i_lock_pid_block_B/kp_mult/A[20]
                                                              -12.193       
i_lock/i_gen_mod/cnt_reg_rep/CLKBWRCLK
                               i_lock/i_lock_pid_block_B/kp_mult/A[21]
                                                              -12.193       
i_lock/i_gen_mod/cnt_reg_rep/CLKBWRCLK
                               i_lock/i_lock_pid_block_B/psdsp_9/D
                                                              -12.172       
i_lock/i_gen_mod/cnt_reg_rep/CLKBWRCLK
                               i_lock/i_lock_pid_block_A/psdsp_7/D
                                                              -12.127       
i_lock/i_gen_mod/cnt_reg_rep/CLKBWRCLK
                               i_lock/i_lock_pid_block_A/psdsp_5/D
                                                              -12.112       
i_lock/i_gen_mod/cnt_reg_rep/CLKBWRCLK
                               i_lock/i_lock_pid_block_B/kp_mult/A[9]
                                                              -12.094       
i_lock/i_gen_mod/cnt_reg_rep/CLKBWRCLK
                               i_lock/i_lock_pid_block_B/kp_mult/A[13]
                                                              -12.084       
i_lock/i_gen_mod/cnt_reg_rep/CLKBWRCLK
                               i_lock/i_lock_pid_block_A/psdsp_15/D
                                                              -12.077       
i_lock/i_gen_mod/cnt_reg_rep/CLKBWRCLK
                               i_lock/i_lock_pid_block_A/psdsp_3/D
                                                              -12.065       
i_lock/i_gen_mod/cnt_reg_rep/CLKBWRCLK
                               i_lock/i_lock_pid_block_B/kp_mult/A[12]
                                                              -12.063       
i_lock/i_gen_mod/cnt_reg_rep/CLKBWRCLK
                               i_lock/i_lock_pid_block_A/psdsp_4/D
                                                              -12.061       
i_lock/i_gen_mod/cnt_reg_rep/CLKBWRCLK
                               i_lock/i_lock_pid_block_B/kp_mult/A[11]
                                                              -12.055       
i_lock/i_gen_mod/cnt_reg_rep/CLKBWRCLK
                               i_lock/i_lock_pid_block_B/psdsp_7/D
                                                              -12.047       
i_lock/i_gen_mod/cnt_reg_rep/CLKBWRCLK
                               i_lock/i_lock_pid_block_B/psdsp_4/D
                                                              -12.039       
i_lock/i_gen_mod/cnt_reg_rep/CLKBWRCLK
                               i_lock/i_lock_pid_block_B/psdsp_6/D
                                                              -12.035       
i_lock/i_gen_mod/cnt_reg_rep/CLKBWRCLK
                               i_lock/i_lock_pid_block_B/psdsp_15/D
                                                              -12.019       
i_lock/i_gen_mod/cnt_reg_rep/CLKBWRCLK
                               i_lock/i_lock_pid_block_B/psdsp_5/D
                                                              -12.015       
i_lock/i_gen_mod/cnt_reg_rep/CLKBWRCLK
                               i_lock/i_lock_pid_block_A/psdsp_44/D
                                                              -12.003       
i_lock/i_gen_mod/cnt_reg_rep/CLKBWRCLK
                               i_lock/i_lock_pid_block_B/psdsp/D
                                                              -11.991       
i_lock/i_gen_mod/cnt_reg_rep/CLKBWRCLK
                               i_lock/i_lock_pid_block_A/psdsp_40/D
                                                              -11.984       
i_lock/i_gen_mod/cnt_reg_rep/CLKBWRCLK
                               i_lock/i_lock_pid_block_B/kp_mult/A[5]
                                                              -11.980       
i_lock/i_gen_mod/cnt_reg_rep/CLKBWRCLK
                               i_lock/i_lock_pid_block_B/psdsp_8/D
                                                              -11.976       
i_lock/i_gen_mod/cnt_reg_rep/CLKBWRCLK
                               i_lock/i_lock_pid_block_B/kp_mult/A[10]
                                                              -11.975       
i_lock/i_gen_mod/cnt_reg_rep/CLKBWRCLK
                               i_lock/i_lock_pid_block_A/psdsp_42/D
                                                              -11.953       
i_lock/i_gen_mod/cnt_reg_rep/CLKBWRCLK
                               i_lock/i_lock_pid_block_A/psdsp_38/D
                                                              -11.951       
i_lock/i_gen_mod/cnt_reg_rep/CLKBWRCLK
                               i_lock/i_lock_pid_block_A/psdsp_2/D
                                                              -11.950       
i_lock/i_gen_mod/cnt_reg_rep/CLKBWRCLK
                               i_lock/i_lock_pid_block_B/kp_mult/A[8]
                                                              -11.949       
i_lock/i_gen_mod/cnt_reg_rep/CLKBWRCLK
                               i_lock/i_lock_pid_block_A/psdsp_33/D
                                                              -11.946       
i_lock/i_gen_mod/cnt_reg_rep/CLKBWRCLK
                               i_lock/i_lock_pid_block_A/psdsp_10/D
                                                              -11.934       
i_lock/i_gen_mod/cnt_reg_rep/CLKBWRCLK
                               i_lock/i_lock_pid_block_A/psdsp_14/D
                                                              -11.931       
i_lock/i_gen_mod/cnt_reg_rep/CLKBWRCLK
                               i_lock/i_lock_pid_block_B/psdsp_2/D
                                                              -11.929       
i_lock/i_gen_mod/cnt_reg_rep/CLKBWRCLK
                               i_lock/i_lock_pid_block_A/psdsp_45/D
                                                              -11.926       
i_lock/i_gen_mod/cnt_reg_rep/CLKBWRCLK
                               i_lock/i_lock_pid_block_A/psdsp_43/D
                                                              -11.924       
i_lock/i_gen_mod/cnt_reg_rep/CLKBWRCLK
                               i_lock/i_lock_pid_block_A/psdsp_8/D
                                                              -11.919       
i_lock/i_gen_mod/cnt_reg_rep/CLKBWRCLK
                               i_lock/i_lock_pid_block_B/psdsp_16/D
                                                              -11.917       
i_lock/i_gen_mod/cnt_reg_rep/CLKBWRCLK
                               i_lock/i_lock_pid_block_B/psdsp_10/D
                                                              -11.917       
i_lock/i_gen_mod/cnt_reg_rep/CLKBWRCLK
                               i_lock/i_lock_pid_block_A/psdsp_41/D
                                                              -11.913       
i_lock/i_gen_mod/cnt_reg_rep/CLKBWRCLK
                               i_lock/i_lock_pid_block_A/psdsp_39/D
                                                              -11.905       
i_lock/i_gen_mod/cnt_reg_rep/CLKBWRCLK
                               i_lock/i_lock_pid_block_B/psdsp_3/D
                                                              -11.902       
i_lock/i_gen_mod/cnt_reg_rep/CLKBWRCLK
                               i_lock/i_lock_pid_block_A/psdsp_37/D
                                                              -11.897       
i_lock/i_gen_mod/cnt_reg_rep/CLKBWRCLK
                               i_lock/i_lock_pid_block_B/psdsp_13/D
                                                              -11.890       
i_lock/i_gen_mod/cnt_reg_rep/CLKBWRCLK
                               i_lock/i_lock_pid_block_B/kp_mult/A[7]
                                                              -11.880       
i_lock/i_gen_mod/cnt_reg_rep/CLKBWRCLK
                               i_lock/i_lock_pid_block_B/psdsp_18/D
                                                              -11.878       
i_lock/i_gen_mod/cnt_reg_rep/CLKBWRCLK
                               i_lock/i_lock_pid_block_B/psdsp_14/D
                                                              -11.870       
i_lock/i_gen_mod/cnt_reg_rep/CLKBWRCLK
                               i_lock/i_lock_pid_block_B/psdsp_12/D
                                                              -11.866       
i_lock/i_gen_mod/cnt_reg_rep/CLKBWRCLK
                               i_lock/i_lock_pid_block_B/kp_mult/A[6]
                                                              -11.862       
i_lock/i_gen_mod/cnt_reg_rep/CLKBWRCLK
                               i_lock/i_lock_pid_block_B/psdsp_1/D
                                                              -11.847       
i_lock/i_gen_mod/cnt_reg_rep/CLKBWRCLK
                               i_lock/i_lock_pid_block_A/psdsp_36/D
                                                              -11.838       
i_lock/i_gen_mod/cnt_reg_rep/CLKBWRCLK
                               i_lock/i_lock_pid_block_B/kp_mult/A[4]
                                                              -11.835       
i_lock/i_gen_mod/cnt_reg_rep/CLKBWRCLK
                               i_lock/i_lock_pid_block_B/psdsp_11/D
                                                              -11.826       
i_lock/i_gen_mod/cnt_reg_rep/CLKBWRCLK
                               i_lock/i_lock_pid_block_A/psdsp_34/D
                                                              -11.826       
i_lock/i_gen_mod/cnt_reg_rep/CLKBWRCLK
                               i_lock/i_lock_pid_block_A/psdsp_13/D
                                                              -11.822       
i_lock/i_gen_mod/cnt_reg_rep/CLKBWRCLK
                               i_lock/i_lock_pid_block_A/psdsp_35/D
                                                              -11.815       
i_lock/i_gen_mod/cnt_reg_rep/CLKBWRCLK
                               i_lock/i_lock_pid_block_A/psdsp_32/D
                                                              -11.803       
i_lock/i_gen_mod/cnt_reg_rep/CLKBWRCLK
                               i_lock/i_lock_pid_block_A/psdsp_12/D
                                                              -11.799       
i_lock/i_gen_mod/cnt_reg_rep/CLKBWRCLK
                               i_lock/sys_rdata_reg[12]/D     -11.780       
i_lock/i_gen_mod/cnt_reg_rep/CLKBWRCLK
                               i_lock/i_lock_pid_block_A/psdsp_31/D
                                                              -11.779       
i_lock/i_gen_mod/cnt_reg_rep/CLKBWRCLK
                               i_lock/i_lock_pid_block_A/psdsp_30/D
                                                              -11.776       
i_lock/i_gen_mod/cnt_reg_rep/CLKBWRCLK
                               i_lock/i_lock_pid_block_A/psdsp_11/D
                                                              -11.768       
i_lock/i_gen_mod/cnt_reg_rep/CLKBWRCLK
                               i_lock/i_lock_pid_block_A/psdsp/D
                                                              -11.758       
i_lock/i_gen_mod/cnt_reg_rep/CLKBWRCLK
                               i_lock/i_lock_pid_block_A/psdsp_1/D
                                                              -11.758       
i_lock/i_gen_mod/cnt_reg_rep/CLKBWRCLK
                               i_lock/i_lock_pid_block_A/psdsp_6/D
                                                              -11.753       
i_lock/i_gen_mod/cnt_reg_rep/CLKBWRCLK
                               i_lock/i_lock_pid_block_A/psdsp_47/D
                                                              -11.615       
i_lock/i_gen_mod/cnt_reg_rep/CLKBWRCLK
                               i_lock/i_lock_pid_block_A/psdsp_46/D
                                                              -11.586       
i_lock/i_gen_mod/cnt_reg_rep/CLKBWRCLK
                               i_lock/i_lock_pid_block_B/psdsp_20/D
                                                              -11.583       
i_lock/i_gen_mod/cnt_reg_rep/CLKBWRCLK
                               i_lock/i_lock_pid_block_B/psdsp_17/D
                                                              -11.575       
i_lock/i_gen_mod/cnt_reg_rep/CLKBWRCLK
                               i_lock/sys_rdata_reg[8]/D      -11.569       
i_lock/i_gen_mod/cnt_reg_rep/CLKBWRCLK
                               i_lock/i_lock_pid_block_A/psdsp_48/D
                                                              -11.564       
i_lock/i_gen_mod/cnt_reg_rep/CLKBWRCLK
                               i_lock/i_lock_pid_block_B/psdsp_19/D
                                                              -11.554       
i_lock/i_gen_mod/cnt_reg_rep/CLKBWRCLK
                               i_lock/i_lock_pid_block_A/psdsp_50/D
                                                              -11.516       
i_lock/i_gen_mod/cnt_reg_rep/CLKBWRCLK
                               i_lock/i_lock_pid_block_B/psdsp_21/D
                                                              -11.492       
i_lock/i_gen_mod/cnt_reg_rep/CLKBWRCLK
                               i_lock/i_lock_pid_block_B/kp_mult/A[3]
                                                              -11.454       
i_lock/i_gen_mod/cnt_reg_rep/CLKBWRCLK
                               i_lock/i_lock_pid_block_A/psdsp_51/D
                                                              -11.413       
i_lock/i_gen_mod/cnt_reg_rep/CLKBWRCLK
                               i_lock/i_lock_pid_block_A/psdsp_49/D
                                                              -11.333       
i_lock/i_gen_mod/cnt_reg_rep/CLKBWRCLK
                               i_lock/i_lock_pid_block_B/psdsp_25/D
                                                              -11.328       
i_lock/i_gen_mod/cnt_reg_rep/CLKBWRCLK
                               i_lock/i_lock_pid_block_B/psdsp_24/D
                                                              -11.303       
i_lock/i_gen_mod/cnt_reg_rep/CLKBWRCLK
                               i_lock/i_lock_pid_block_B/psdsp_22/D
                                                              -11.302       
i_lock/i_gen_mod/cnt_reg_rep/CLKBWRCLK
                               i_lock/sys_rdata_reg[9]/D      -11.290       
i_lock/i_gen_mod/cnt_reg_rep/CLKBWRCLK
                               i_lock/i_lock_pid_block_B/kp_mult/A[2]
                                                              -11.280       
i_lock/i_gen_mod/cnt_reg_rep/CLKBWRCLK
                               i_lock/i_lock_pid_block_A/psdsp_21/D
                                                              -11.278       
i_lock/i_gen_mod/cnt_reg_rep/CLKBWRCLK
                               i_lock/i_lock_pid_block_B/psdsp_23/D
                                                              -11.248       
i_lock/i_gen_mod/cnt_reg_rep/CLKBWRCLK
                               i_lock/i_lock_pid_block_A/psdsp_52/D
                                                              -11.232       
i_lock/i_gen_mod/cnt_reg_rep/CLKBWRCLK
                               i_lock/i_lock_pid_block_A/psdsp_22/D
                                                              -11.194       
i_lock/i_gen_mod/cnt_reg_rep/CLKBWRCLK
                               i_lock/sys_rdata_reg[10]/D     -11.150       
i_lock/i_gen_mod/cnt_reg_rep/CLKBWRCLK
                               i_lock/sys_rdata_reg[6]/D      -11.140       
i_lock/i_gen_mod/cnt_reg_rep/CLKBWRCLK
                               i_lock/sys_rdata_reg[7]/D      -11.136       
i_lock/i_lock_pid_block_B/int_shr_reg_reg[2]/C
                               dac_dat_a_reg[1]/D             -9.773        
i_lock/i_lock_pid_block_A/int_shr_reg_reg[2]/C
                               dac_dat_b_reg[3]/D             -9.601        
i_lock/i_lock_pid_block_A/int_shr_reg_reg[2]/C
                               dac_dat_b_reg[12]/D            -9.447        
i_lock/i_lock_pid_block_A/int_shr_reg_reg[2]/C
                               dac_dat_a_reg[12]/D            -9.350        
i_lock/i_lock_pid_block_B/int_shr_reg_reg[2]/C
                               dac_dat_a_reg[5]/D             -9.340        
i_lock/i_lock_pid_block_B/int_shr_reg_reg[2]/C
                               dac_dat_a_reg[4]/D             -9.290        
i_lock/i_lock_pid_block_B/int_shr_reg_reg[2]/C
                               dac_dat_a_reg[11]/D            -9.232        
i_lock/i_lock_pid_block_A/int_shr_reg_reg[2]/C
                               dac_dat_b_reg[9]/D             -9.129        
i_lock/i_lock_pid_block_B/int_shr_reg_reg[2]/C
                               dac_dat_a_reg[10]/D            -9.105        
i_lock/i_lock_pid_block_B/int_shr_reg_reg[2]/C
                               dac_dat_a_reg[3]/D             -9.013        
i_lock/i_lock_pid_block_A/int_shr_reg_reg[2]/C
                               dac_dat_b_reg[10]/D            -9.010        
i_lock/i_lock_pid_block_B/int_shr_reg_reg[2]/C
                               dac_dat_b_reg[6]/D             -8.991        
i_lock/i_lock_pid_block_B/int_shr_reg_reg[2]/C
                               dac_dat_a_reg[9]/D             -8.977        
i_lock/i_lock_pid_block_B/int_shr_reg_reg[2]/C
                               dac_dat_b_reg[1]/D             -8.934        
i_lock/i_lock_pid_block_A/int_shr_reg_reg[2]/C
                               dac_dat_b_reg[8]/D             -8.830        
i_lock/i_lock_pid_block_A/int_shr_reg_reg[2]/C
                               dac_dat_b_reg[11]/D            -8.808        
i_lock/i_lock_pid_block_A/int_shr_reg_reg[2]/C
                               dac_dat_b_reg[7]/D             -8.795        
i_lock/i_lock_pid_block_B/int_shr_reg_reg[2]/C
                               dac_dat_b_reg[5]/D             -8.791        
i_lock/i_lock_pid_block_B/int_shr_reg_reg[2]/C
                               dac_dat_a_reg[2]/D             -8.783        
i_lock/i_lock_pid_block_B/int_shr_reg_reg[2]/C
                               dac_dat_a_reg[0]/D             -8.765        
i_lock/i_lock_pid_block_B/int_shr_reg_reg[2]/C
                               dac_dat_a_reg[7]/D             -8.730        
i_lock/i_lock_pid_block_A/int_shr_reg_reg[2]/C
                               dac_dat_b_reg[2]/D             -8.723        
i_lock/i_lock_pid_block_B/int_shr_reg_reg[2]/C
                               dac_dat_a_reg[6]/D             -8.607        
i_lock/i_lock_pid_block_B/int_shr_reg_reg[2]/C
                               dac_dat_a_reg[8]/D             -8.568        
i_lock/i_lock_pid_block_B/int_shr_reg_reg[2]/C
                               dac_dat_b_reg[4]/D             -8.532        
i_lock/i_lock_pid_block_B/int_shr_reg_reg[2]/C
                               dac_dat_b_reg[0]/D             -8.485        
i_lock/i_lock_pid_block_B/int_shr_reg_reg[2]/C
                               dac_dat_b_reg[13]/D            -8.433        
i_lock/i_lock_pid_block_B/int_shr_reg_reg[2]/C
                               dac_dat_a_reg[13]/D            -8.258        
i_ps/system_i/system_i/xadc/inst/INTR_CTRLR_GEN_I.ip2bus_wrack_reg/C
                               i_ps/system_i/system_i/axi_protocol_converter_0/inst/gen_axilite.gen_b2s_conv.axilite_b2s/WR.aw_channel_0/cmd_translator_0/incr_cmd_0/axaddr_incr_reg[11]/D
                                                              -1.827        
pwm[2]/vcnt_r_reg[2]/C         pwm[2]/pwm_o_reg/D             -1.822        
i_ps/system_i/system_i/xadc/inst/INTR_CTRLR_GEN_I.ip2bus_rdack_reg/C
                               i_ps/system_i/system_i/axi_protocol_converter_0/inst/gen_axilite.gen_b2s_conv.axilite_b2s/RD.ar_channel_0/cmd_translator_0/incr_cmd_0/axaddr_incr_reg[11]/D
                                                              -1.626        
dac_rst_reg/C                  oddr_dac_dat[2]/R              -1.441        
dac_rst_reg/C                  oddr_dac_dat[3]/R              -1.302        
i_ps/system_i/system_i/axi_protocol_converter_0/inst/gen_axilite.gen_b2s_conv.axilite_b2s/RD.ar_channel_0/ar_cmd_fsm_0/state_reg[0]/C
                               i_ps/system_i/system_i/axi_protocol_converter_0/inst/gen_axilite.gen_b2s_conv.axilite_b2s/RD.ar_channel_0/cmd_translator_0/wrap_cmd_0/wrap_second_len_r_reg[0]/D
                                                              -1.296        
i_ps/system_i/system_i/xadc/inst/INTR_CTRLR_GEN_I.ip2bus_wrack_reg/C
                               i_ps/system_i/system_i/axi_protocol_converter_0/inst/gen_axilite.gen_b2s_conv.axilite_b2s/WR.aw_channel_0/cmd_translator_0/incr_cmd_0/axaddr_incr_reg[9]/D
                                                              -1.112        
i_ps/system_i/system_i/axi_protocol_converter_0/inst/gen_axilite.gen_b2s_conv.axilite_b2s/WR.aw_channel_0/aw_cmd_fsm_0/state_reg[1]/C
                               i_ps/system_i/system_i/axi_protocol_converter_0/inst/gen_axilite.gen_b2s_conv.axilite_b2s/WR.aw_channel_0/cmd_translator_0/wrap_cmd_0/wrap_second_len_r_reg[0]/D
                                                              -1.076        
i_ps/system_i/system_i/xadc/inst/INTR_CTRLR_GEN_I.ip2bus_wrack_reg/C
                               i_ps/system_i/system_i/axi_protocol_converter_0/inst/gen_axilite.gen_b2s_conv.axilite_b2s/WR.aw_channel_0/cmd_translator_0/incr_cmd_0/axaddr_incr_reg[10]/D
                                                              -1.017        
dac_rst_reg/C                  oddr_dac_dat[5]/R              -1.016        
i_ps/system_i/system_i/xadc/inst/INTR_CTRLR_GEN_I.ip2bus_wrack_reg/C
                               i_ps/system_i/system_i/axi_protocol_converter_0/inst/gen_axilite.gen_b2s_conv.axilite_b2s/WR.aw_channel_0/cmd_translator_0/incr_cmd_0/axaddr_incr_reg[8]/D
                                                              -1.001        
i_ps/system_i/system_i/xadc/inst/INTR_CTRLR_GEN_I.ip2bus_wrack_reg/C
                               i_ps/system_i/system_i/axi_protocol_converter_0/inst/gen_axilite.gen_b2s_conv.axilite_b2s/WR.aw_channel_0/cmd_translator_0/incr_cmd_0/axaddr_incr_reg[5]/D
                                                              -0.997        
i_ps/system_i/system_i/xadc/inst/INTR_CTRLR_GEN_I.ip2bus_wrack_reg/C
                               i_ps/system_i/system_i/axi_protocol_converter_0/inst/gen_axilite.gen_b2s_conv.axilite_b2s/WR.aw_channel_0/cmd_translator_0/incr_cmd_0/axaddr_incr_reg[7]/D
                                                              -0.976        
pwm[1]/vcnt_r_reg[3]/C         pwm[1]/pwm_o_reg/D             -0.927        
i_ps/system_i/system_i/axi_protocol_converter_0/inst/gen_axilite.gen_b2s_conv.axilite_b2s/SI_REG/ar_pipe/m_payload_i_reg[5]/C
                               i_ps/system_i/system_i/xadc/inst/AXI_XADC_CORE_I/XADC_INST/DADDR[3]
                                                              -0.925        
i_ps/system_i/system_i/axi_protocol_converter_0/inst/gen_axilite.gen_b2s_conv.axilite_b2s/RD.r_channel_0/rd_data_fifo_0/cnt_read_reg[4]_rep__3/C
                               i_ps/system_i/system_i/axi_protocol_converter_0/inst/gen_axilite.gen_b2s_conv.axilite_b2s/RD.ar_channel_0/s_arid_r_reg[10]/CE
                                                              -0.911        
i_ps/system_i/system_i/xadc/inst/INTR_CTRLR_GEN_I.ip2bus_wrack_reg/C
                               i_ps/system_i/system_i/axi_protocol_converter_0/inst/gen_axilite.gen_b2s_conv.axilite_b2s/WR.aw_channel_0/cmd_translator_0/incr_cmd_0/axaddr_incr_reg[6]/D
                                                              -0.902        
i_ps/system_i/system_i/axi_protocol_converter_0/inst/gen_axilite.gen_b2s_conv.axilite_b2s/SI_REG/ar_pipe/m_payload_i_reg[5]/C
                               i_ps/system_i/system_i/xadc/inst/AXI_LITE_IPIF_I/I_SLAVE_ATTACHMENT/I_DECODER/GEN_BKEND_CE_REGISTERS[6].ce_out_i_reg[6]/D
                                                              -0.889        
i_ps/system_i/system_i/axi_protocol_converter_0/inst/gen_axilite.gen_b2s_conv.axilite_b2s/SI_REG/ar_pipe/m_payload_i_reg[5]/C
                               i_ps/system_i/system_i/xadc/inst/AXI_LITE_IPIF_I/I_SLAVE_ATTACHMENT/I_DECODER/GEN_BKEND_CE_REGISTERS[5].ce_out_i_reg[5]/D
                                                              -0.887        
i_ps/system_i/system_i/xadc/inst/INTR_CTRLR_GEN_I.ip2bus_wrack_reg/C
                               i_ps/system_i/system_i/axi_protocol_converter_0/inst/gen_axilite.gen_b2s_conv.axilite_b2s/WR.aw_channel_0/cmd_translator_0/incr_cmd_0/axaddr_incr_reg[4]/D
                                                              -0.886        
i_ps/system_i/system_i/axi_protocol_converter_0/inst/gen_axilite.gen_b2s_conv.axilite_b2s/SI_REG/ar_pipe/m_payload_i_reg[5]/C
                               i_ps/system_i/system_i/xadc/inst/AXI_LITE_IPIF_I/I_SLAVE_ATTACHMENT/I_DECODER/GEN_BKEND_CE_REGISTERS[7].ce_out_i_reg[7]/D
                                                              -0.880        
i_ps/system_i/system_i/axi_protocol_converter_0/inst/gen_axilite.gen_b2s_conv.axilite_b2s/RD.r_channel_0/rd_data_fifo_0/cnt_read_reg[4]_rep__3/C
                               i_ps/system_i/system_i/axi_protocol_converter_0/inst/gen_axilite.gen_b2s_conv.axilite_b2s/RD.ar_channel_0/s_arid_r_reg[6]/CE
                                                              -0.846        
i_ps/system_i/system_i/axi_protocol_converter_0/inst/gen_axilite.gen_b2s_conv.axilite_b2s/RD.r_channel_0/rd_data_fifo_0/cnt_read_reg[4]_rep__3/C
                               i_ps/system_i/system_i/axi_protocol_converter_0/inst/gen_axilite.gen_b2s_conv.axilite_b2s/RD.ar_channel_0/s_arid_r_reg[7]/CE
                                                              -0.846        
i_ps/system_i/system_i/axi_protocol_converter_0/inst/gen_axilite.gen_b2s_conv.axilite_b2s/RD.r_channel_0/rd_data_fifo_0/cnt_read_reg[4]_rep__3/C
                               i_ps/system_i/system_i/axi_protocol_converter_0/inst/gen_axilite.gen_b2s_conv.axilite_b2s/RD.ar_channel_0/s_arid_r_reg[8]/CE
                                                              -0.846        
i_ps/system_i/system_i/axi_protocol_converter_0/inst/gen_axilite.gen_b2s_conv.axilite_b2s/SI_REG/aw_pipe/m_payload_i_reg[3]/C
                               i_ps/system_i/system_i/xadc/inst/AXI_XADC_CORE_I/XADC_INST/DADDR[1]
                                                              -0.838        
i_ps/system_i/system_i/axi_protocol_converter_0/inst/gen_axilite.gen_b2s_conv.axilite_b2s/RD.ar_channel_0/cmd_translator_0/incr_cmd_0/sel_first_reg/C
                               i_ps/system_i/system_i/xadc/inst/AXI_XADC_CORE_I/XADC_INST/DADDR[0]
                                                              -0.793        
pwm[3]/v_r_reg[1]/C            pwm[3]/pwm_o_reg/D             -0.788        
i_ps/system_i/system_i/axi_protocol_converter_0/inst/gen_axilite.gen_b2s_conv.axilite_b2s/RD.r_channel_0/rd_data_fifo_0/cnt_read_reg[4]_rep__3/C
                               i_ps/system_i/system_i/axi_protocol_converter_0/inst/gen_axilite.gen_b2s_conv.axilite_b2s/RD.ar_channel_0/s_arid_r_reg[1]/CE
                                                              -0.776        
i_ps/system_i/system_i/axi_protocol_converter_0/inst/gen_axilite.gen_b2s_conv.axilite_b2s/RD.r_channel_0/rd_data_fifo_0/cnt_read_reg[4]_rep__3/C
                               i_ps/system_i/system_i/axi_protocol_converter_0/inst/gen_axilite.gen_b2s_conv.axilite_b2s/RD.ar_channel_0/s_arid_r_reg[2]/CE
                                                              -0.776        
i_ps/system_i/system_i/axi_protocol_converter_0/inst/gen_axilite.gen_b2s_conv.axilite_b2s/RD.r_channel_0/rd_data_fifo_0/cnt_read_reg[4]_rep__3/C
                               i_ps/system_i/system_i/axi_protocol_converter_0/inst/gen_axilite.gen_b2s_conv.axilite_b2s/RD.ar_channel_0/s_arid_r_reg[3]/CE
                                                              -0.776        
i_ps/system_i/system_i/axi_protocol_converter_0/inst/gen_axilite.gen_b2s_conv.axilite_b2s/RD.r_channel_0/rd_data_fifo_0/cnt_read_reg[4]_rep__3/C
                               i_ps/system_i/system_i/axi_protocol_converter_0/inst/gen_axilite.gen_b2s_conv.axilite_b2s/RD.ar_channel_0/s_arid_r_reg[4]/CE
                                                              -0.776        
i_ps/system_i/system_i/axi_protocol_converter_0/inst/gen_axilite.gen_b2s_conv.axilite_b2s/RD.r_channel_0/rd_data_fifo_0/cnt_read_reg[4]_rep__3/C
                               i_ps/system_i/system_i/axi_protocol_converter_0/inst/gen_axilite.gen_b2s_conv.axilite_b2s/RD.ar_channel_0/s_arid_r_reg[9]/CE
                                                              -0.776        
i_ps/system_i/system_i/axi_protocol_converter_0/inst/gen_axilite.gen_b2s_conv.axilite_b2s/RD.ar_channel_0/ar_cmd_fsm_0/state_reg[0]/C
                               i_ps/system_i/system_i/axi_protocol_converter_0/inst/gen_axilite.gen_b2s_conv.axilite_b2s/RD.ar_channel_0/cmd_translator_0/wrap_cmd_0/wrap_cnt_r_reg[2]/D
                                                              -0.772        
i_ps/system_i/system_i/axi_protocol_converter_0/inst/gen_axilite.gen_b2s_conv.axilite_b2s/SI_REG/ar_pipe/m_payload_i_reg[5]/C
                               i_ps/system_i/system_i/xadc/inst/AXI_LITE_IPIF_I/I_SLAVE_ATTACHMENT/I_DECODER/GEN_BKEND_CE_REGISTERS[2].ce_out_i_reg[2]/D
                                                              -0.769        
i_ps/system_i/system_i/axi_protocol_converter_0/inst/gen_axilite.gen_b2s_conv.axilite_b2s/RD.r_channel_0/rd_data_fifo_0/cnt_read_reg[4]_rep__3/C
                               i_ps/system_i/system_i/axi_protocol_converter_0/inst/gen_axilite.gen_b2s_conv.axilite_b2s/RD.ar_channel_0/s_arid_r_reg[11]/CE
                                                              -0.756        
i_ps/system_i/system_i/axi_protocol_converter_0/inst/gen_axilite.gen_b2s_conv.axilite_b2s/RD.ar_channel_0/ar_cmd_fsm_0/state_reg[0]/C
                               i_ps/system_i/system_i/axi_protocol_converter_0/inst/gen_axilite.gen_b2s_conv.axilite_b2s/RD.ar_channel_0/cmd_translator_0/wrap_cmd_0/wrap_cnt_r_reg[3]/D
                                                              -0.754        
i_ps/system_i/system_i/processing_system7/inst/PS7_i/MAXIGP1ACLK
                               i_ps/system_i/system_i/xadc/inst/INTR_CTRLR_GEN_I.ip2bus_wrack_reg/D
                                                              -0.742        
i_ps/system_i/system_i/xadc/inst/INTR_CTRLR_GEN_I.ip2bus_wrack_reg/C
                               i_ps/system_i/system_i/axi_protocol_converter_0/inst/gen_axilite.gen_b2s_conv.axilite_b2s/WR.aw_channel_0/s_awid_r_reg[7]/CE
                                                              -0.734        
i_ps/system_i/system_i/axi_protocol_converter_0/inst/gen_axilite.gen_b2s_conv.axilite_b2s/RD.r_channel_0/rd_data_fifo_0/cnt_read_reg[4]_rep__3/C
                               i_ps/system_i/system_i/axi_protocol_converter_0/inst/gen_axilite.gen_b2s_conv.axilite_b2s/RD.ar_channel_0/s_arid_r_reg[0]/CE
                                                              -0.716        
i_ps/system_i/system_i/axi_protocol_converter_0/inst/gen_axilite.gen_b2s_conv.axilite_b2s/SI_REG/ar_pipe/m_payload_i_reg[5]/C
                               i_ps/system_i/system_i/xadc/inst/AXI_LITE_IPIF_I/I_SLAVE_ATTACHMENT/I_DECODER/GEN_BKEND_CE_REGISTERS[14].ce_out_i_reg[14]/D
                                                              -0.709        
i_ps/system_i/system_i/axi_protocol_converter_0/inst/gen_axilite.gen_b2s_conv.axilite_b2s/WR.b_channel_0/bresp_fifo_0/cnt_read_reg[1]/C
                               i_ps/system_i/system_i/xadc/inst/INTR_CTRLR_GEN_I.ip2bus_data_int_reg[26]/CE
                                                              -0.709        
i_ps/system_i/system_i/axi_protocol_converter_0/inst/gen_axilite.gen_b2s_conv.axilite_b2s/SI_REG/aw_pipe/m_payload_i_reg[3]/C
                               i_ps/system_i/system_i/xadc/inst/AXI_LITE_IPIF_I/I_SLAVE_ATTACHMENT/I_DECODER/GEN_BKEND_CE_REGISTERS[19].ce_out_i_reg[19]/D
                                                              -0.699        
i_ps/system_i/system_i/axi_protocol_converter_0/inst/gen_axilite.gen_b2s_conv.axilite_b2s/SI_REG/ar_pipe/m_payload_i_reg[5]/C
                               i_ps/system_i/system_i/xadc/inst/AXI_LITE_IPIF_I/I_SLAVE_ATTACHMENT/I_DECODER/GEN_BKEND_CE_REGISTERS[3].ce_out_i_reg[3]/D
                                                              -0.698        
i_ps/system_i/system_i/axi_protocol_converter_0/inst/gen_axilite.gen_b2s_conv.axilite_b2s/WR.b_channel_0/bresp_fifo_0/cnt_read_reg[1]/C
                               i_ps/system_i/system_i/xadc/inst/INTR_CTRLR_GEN_I.ip2bus_data_int_reg[23]/CE
                                                              -0.696        
i_ps/system_i/system_i/axi_protocol_converter_0/inst/gen_axilite.gen_b2s_conv.axilite_b2s/WR.b_channel_0/bresp_fifo_0/cnt_read_reg[1]/C
                               i_ps/system_i/system_i/xadc/inst/INTR_CTRLR_GEN_I.ip2bus_data_int_reg[28]/CE
                                                              -0.696        
i_ps/system_i/system_i/axi_protocol_converter_0/inst/gen_axilite.gen_b2s_conv.axilite_b2s/WR.b_channel_0/bresp_fifo_0/cnt_read_reg[1]/C
                               i_ps/system_i/system_i/xadc/inst/INTR_CTRLR_GEN_I.ip2bus_data_int_reg[21]/CE
                                                              -0.693        
i_ps/system_i/system_i/axi_protocol_converter_0/inst/gen_axilite.gen_b2s_conv.axilite_b2s/WR.b_channel_0/bresp_fifo_0/cnt_read_reg[1]/C
                               i_ps/system_i/system_i/xadc/inst/INTR_CTRLR_GEN_I.ip2bus_data_int_reg[24]/CE
                                                              -0.693        
i_ps/system_i/system_i/axi_protocol_converter_0/inst/gen_axilite.gen_b2s_conv.axilite_b2s/WR.b_channel_0/bresp_fifo_0/cnt_read_reg[1]/C
                               i_ps/system_i/system_i/xadc/inst/INTR_CTRLR_GEN_I.ip2bus_data_int_reg[29]/CE
                                                              -0.693        
i_ps/system_i/system_i/axi_protocol_converter_0/inst/gen_axilite.gen_b2s_conv.axilite_b2s/SI_REG/ar_pipe/m_payload_i_reg[5]/C
                               i_ps/system_i/system_i/xadc/inst/AXI_LITE_IPIF_I/I_SLAVE_ATTACHMENT/I_DECODER/GEN_BKEND_CE_REGISTERS[1].ce_out_i_reg[1]/D
                                                              -0.691        
i_ps/system_i/system_i/axi_protocol_converter_0/inst/gen_axilite.gen_b2s_conv.axilite_b2s/SI_REG/ar_pipe/m_payload_i_reg[5]/C
                               i_ps/system_i/system_i/xadc/inst/AXI_LITE_IPIF_I/I_SLAVE_ATTACHMENT/I_DECODER/GEN_BKEND_CE_REGISTERS[4].ce_out_i_reg[4]/D
                                                              -0.687        
i_ps/system_i/system_i/axi_protocol_converter_0/inst/gen_axilite.gen_b2s_conv.axilite_b2s/WR.b_channel_0/bresp_fifo_0/cnt_read_reg[1]/C
                               i_ps/system_i/system_i/xadc/inst/INTR_CTRLR_GEN_I.ip2bus_data_int_reg[27]/CE
                                                              -0.685        
i_ps/system_i/system_i/axi_protocol_converter_0/inst/gen_axilite.gen_b2s_conv.axilite_b2s/WR.b_channel_0/bresp_fifo_0/cnt_read_reg[1]/C
                               i_ps/system_i/system_i/xadc/inst/INTR_CTRLR_GEN_I.ip2bus_data_int_reg[31]/CE
                                                              -0.685        
i_ps/system_i/system_i/axi_protocol_converter_0/inst/gen_axilite.gen_b2s_conv.axilite_b2s/SI_REG/aw_pipe/m_payload_i_reg[3]/C
                               i_ps/system_i/system_i/xadc/inst/AXI_LITE_IPIF_I/I_SLAVE_ATTACHMENT/I_DECODER/GEN_BKEND_CE_REGISTERS[21].ce_out_i_reg[21]/D
                                                              -0.681        
i_ps/system_i/system_i/axi_protocol_converter_0/inst/gen_axilite.gen_b2s_conv.axilite_b2s/RD.r_channel_0/rd_data_fifo_0/cnt_read_reg[4]_rep__3/C
                               i_ps/system_i/system_i/axi_protocol_converter_0/inst/gen_axilite.gen_b2s_conv.axilite_b2s/RD.ar_channel_0/cmd_translator_0/s_axburst_eq0_reg/CE
                                                              -0.672        
i_ps/system_i/system_i/axi_protocol_converter_0/inst/gen_axilite.gen_b2s_conv.axilite_b2s/RD.r_channel_0/rd_data_fifo_0/cnt_read_reg[4]_rep__3/C
                               i_ps/system_i/system_i/axi_protocol_converter_0/inst/gen_axilite.gen_b2s_conv.axilite_b2s/RD.ar_channel_0/cmd_translator_0/s_axburst_eq1_reg/CE
                                                              -0.672        
i_ps/system_i/system_i/axi_protocol_converter_0/inst/gen_axilite.gen_b2s_conv.axilite_b2s/RD.r_channel_0/rd_data_fifo_0/cnt_read_reg[4]_rep__3/C
                               i_ps/system_i/system_i/axi_protocol_converter_0/inst/gen_axilite.gen_b2s_conv.axilite_b2s/RD.ar_channel_0/cmd_translator_0/wrap_cmd_0/wrap_cnt_r_reg[1]/CE
                                                              -0.666        
i_ps/system_i/system_i/axi_protocol_converter_0/inst/gen_axilite.gen_b2s_conv.axilite_b2s/RD.r_channel_0/rd_data_fifo_0/cnt_read_reg[4]_rep__3/C
                               i_ps/system_i/system_i/axi_protocol_converter_0/inst/gen_axilite.gen_b2s_conv.axilite_b2s/RD.ar_channel_0/cmd_translator_0/wrap_cmd_0/wrap_cnt_r_reg[2]/CE
                                                              -0.666        
i_ps/system_i/system_i/axi_protocol_converter_0/inst/gen_axilite.gen_b2s_conv.axilite_b2s/RD.r_channel_0/rd_data_fifo_0/cnt_read_reg[4]_rep__3/C
                               i_ps/system_i/system_i/axi_protocol_converter_0/inst/gen_axilite.gen_b2s_conv.axilite_b2s/RD.ar_channel_0/cmd_translator_0/wrap_cmd_0/wrap_cnt_r_reg[3]/CE
                                                              -0.666        
i_ps/system_i/system_i/xadc/inst/INTR_CTRLR_GEN_I.ip2bus_rdack_reg/C
                               i_ps/system_i/system_i/axi_protocol_converter_0/inst/gen_axilite.gen_b2s_conv.axilite_b2s/RD.ar_channel_0/cmd_translator_0/incr_cmd_0/axaddr_incr_reg[9]/D
                                                              -0.665        
i_ps/system_i/system_i/axi_protocol_converter_0/inst/gen_axilite.gen_b2s_conv.axilite_b2s/SI_REG/aw_pipe/m_payload_i_reg[3]/C
                               i_ps/system_i/system_i/xadc/inst/AXI_LITE_IPIF_I/I_SLAVE_ATTACHMENT/I_DECODER/GEN_BKEND_CE_REGISTERS[23].ce_out_i_reg[23]/D
                                                              -0.662        
pwm[0]/vcnt_r_reg[0]/C         pwm[0]/pwm_o_reg/D             -0.650        
i_ps/system_i/system_i/axi_protocol_converter_0/inst/gen_axilite.gen_b2s_conv.axilite_b2s/SI_REG/ar_pipe/m_payload_i_reg[5]/C
                               i_ps/system_i/system_i/xadc/inst/AXI_LITE_IPIF_I/I_SLAVE_ATTACHMENT/I_DECODER/GEN_BKEND_CE_REGISTERS[0].ce_out_i_reg[0]/D
                                                              -0.631        
i_ps/system_i/system_i/axi_protocol_converter_0/inst/gen_axilite.gen_b2s_conv.axilite_b2s/WR.b_channel_0/bresp_fifo_0/cnt_read_reg[1]/C
                               i_ps/system_i/system_i/xadc/inst/INTR_CTRLR_GEN_I.ip2bus_data_int_reg[17]/CE
                                                              -0.627        
i_ps/system_i/system_i/axi_protocol_converter_0/inst/gen_axilite.gen_b2s_conv.axilite_b2s/WR.b_channel_0/bresp_fifo_0/cnt_read_reg[1]/C
                               i_ps/system_i/system_i/xadc/inst/INTR_CTRLR_GEN_I.ip2bus_data_int_reg[18]/CE
                                                              -0.627        
i_ps/system_i/system_i/axi_protocol_converter_0/inst/gen_axilite.gen_b2s_conv.axilite_b2s/WR.b_channel_0/bresp_fifo_0/cnt_read_reg[1]/C
                               i_ps/system_i/system_i/xadc/inst/INTR_CTRLR_GEN_I.ip2bus_data_int_reg[20]/CE
                                                              -0.627        
i_ps/system_i/system_i/xadc/inst/INTR_CTRLR_GEN_I.ip2bus_wrack_reg/C
                               i_ps/system_i/system_i/axi_protocol_converter_0/inst/gen_axilite.gen_b2s_conv.axilite_b2s/WR.aw_channel_0/s_awid_r_reg[2]/CE
                                                              -0.618        
i_ps/system_i/system_i/xadc/inst/INTR_CTRLR_GEN_I.ip2bus_wrack_reg/C
                               i_ps/system_i/system_i/axi_protocol_converter_0/inst/gen_axilite.gen_b2s_conv.axilite_b2s/WR.aw_channel_0/s_awid_r_reg[5]/CE
                                                              -0.613        
i_ps/system_i/system_i/xadc/inst/INTR_CTRLR_GEN_I.ip2bus_wrack_reg/C
                               i_ps/system_i/system_i/axi_protocol_converter_0/inst/gen_axilite.gen_b2s_conv.axilite_b2s/WR.aw_channel_0/s_awid_r_reg[6]/CE
                                                              -0.613        
i_ps/system_i/system_i/axi_protocol_converter_0/inst/gen_axilite.gen_b2s_conv.axilite_b2s/RD.r_channel_0/rd_data_fifo_0/cnt_read_reg[4]_rep__3/C
                               i_ps/system_i/system_i/axi_protocol_converter_0/inst/gen_axilite.gen_b2s_conv.axilite_b2s/RD.ar_channel_0/s_arid_r_reg[5]/CE
                                                              -0.609        
i_ps/system_i/system_i/axi_protocol_converter_0/inst/gen_axilite.gen_b2s_conv.axilite_b2s/WR.aw_channel_0/cmd_translator_0/wrap_cmd_0/sel_first_reg/C
                               i_ps/system_i/system_i/xadc/inst/AXI_LITE_IPIF_I/I_SLAVE_ATTACHMENT/I_DECODER/GEN_BKEND_CE_REGISTERS[12].ce_out_i_reg[12]/D
                                                              -0.596        
i_ps/system_i/system_i/axi_protocol_converter_0/inst/gen_axilite.gen_b2s_conv.axilite_b2s/SI_REG/ar_pipe/m_payload_i_reg[5]/C
                               i_ps/system_i/system_i/xadc/inst/AXI_LITE_IPIF_I/I_SLAVE_ATTACHMENT/I_DECODER/GEN_BKEND_CE_REGISTERS[13].ce_out_i_reg[13]/D
                                                              -0.596        
i_ps/system_i/system_i/axi_protocol_converter_0/inst/gen_axilite.gen_b2s_conv.axilite_b2s/SI_REG/aw_pipe/m_payload_i_reg[7]/C
                               i_ps/system_i/system_i/xadc/inst/AXI_XADC_CORE_I/XADC_INST/DADDR[5]
                                                              -0.594        
i_ps/system_i/system_i/xadc/inst/INTR_CTRLR_GEN_I.ip2bus_wrack_reg/C
                               i_ps/system_i/system_i/axi_protocol_converter_0/inst/gen_axilite.gen_b2s_conv.axilite_b2s/WR.aw_channel_0/cmd_translator_0/incr_cmd_0/axaddr_incr_reg[0]/CE
                                                              -0.587        
i_ps/system_i/system_i/xadc/inst/INTR_CTRLR_GEN_I.ip2bus_wrack_reg/C
                               i_ps/system_i/system_i/axi_protocol_converter_0/inst/gen_axilite.gen_b2s_conv.axilite_b2s/WR.aw_channel_0/cmd_translator_0/incr_cmd_0/axaddr_incr_reg[1]/CE
                                                              -0.587        
i_ps/system_i/system_i/xadc/inst/INTR_CTRLR_GEN_I.ip2bus_wrack_reg/C
                               i_ps/system_i/system_i/axi_protocol_converter_0/inst/gen_axilite.gen_b2s_conv.axilite_b2s/WR.aw_channel_0/cmd_translator_0/incr_cmd_0/axaddr_incr_reg[2]/CE
                                                              -0.587        
i_ps/system_i/system_i/xadc/inst/INTR_CTRLR_GEN_I.ip2bus_wrack_reg/C
                               i_ps/system_i/system_i/axi_protocol_converter_0/inst/gen_axilite.gen_b2s_conv.axilite_b2s/WR.aw_channel_0/cmd_translator_0/incr_cmd_0/axaddr_incr_reg[3]/CE
                                                              -0.587        
i_ps/system_i/system_i/xadc/inst/INTR_CTRLR_GEN_I.ip2bus_wrack_reg/C
                               i_ps/system_i/system_i/axi_protocol_converter_0/inst/gen_axilite.gen_b2s_conv.axilite_b2s/WR.aw_channel_0/cmd_translator_0/incr_cmd_0/axaddr_incr_reg[4]/CE
                                                              -0.585        
i_ps/system_i/system_i/xadc/inst/INTR_CTRLR_GEN_I.ip2bus_wrack_reg/C
                               i_ps/system_i/system_i/axi_protocol_converter_0/inst/gen_axilite.gen_b2s_conv.axilite_b2s/WR.aw_channel_0/cmd_translator_0/incr_cmd_0/axaddr_incr_reg[5]/CE
                                                              -0.585        
i_ps/system_i/system_i/xadc/inst/INTR_CTRLR_GEN_I.ip2bus_wrack_reg/C
                               i_ps/system_i/system_i/axi_protocol_converter_0/inst/gen_axilite.gen_b2s_conv.axilite_b2s/WR.aw_channel_0/cmd_translator_0/incr_cmd_0/axaddr_incr_reg[6]/CE
                                                              -0.585        
i_ps/system_i/system_i/xadc/inst/INTR_CTRLR_GEN_I.ip2bus_wrack_reg/C
                               i_ps/system_i/system_i/axi_protocol_converter_0/inst/gen_axilite.gen_b2s_conv.axilite_b2s/WR.aw_channel_0/cmd_translator_0/incr_cmd_0/axaddr_incr_reg[7]/CE
                                                              -0.585        
i_ps/system_i/system_i/axi_protocol_converter_0/inst/gen_axilite.gen_b2s_conv.axilite_b2s/SI_REG/aw_pipe/m_payload_i_reg[3]/C
                               i_ps/system_i/system_i/xadc/inst/AXI_LITE_IPIF_I/I_SLAVE_ATTACHMENT/I_DECODER/GEN_BKEND_CE_REGISTERS[9].ce_out_i_reg[9]/D
                                                              -0.582        
i_ps/system_i/system_i/xadc/inst/INTR_CTRLR_GEN_I.ip2bus_rdack_reg/C
                               i_ps/system_i/system_i/axi_protocol_converter_0/inst/gen_axilite.gen_b2s_conv.axilite_b2s/RD.ar_channel_0/cmd_translator_0/incr_cmd_0/axaddr_incr_reg[10]/D
                                                              -0.581        
i_ps/system_i/system_i/axi_protocol_converter_0/inst/gen_axilite.gen_b2s_conv.axilite_b2s/WR.b_channel_0/bresp_fifo_0/cnt_read_reg[1]/C
                               i_ps/system_i/system_i/xadc/inst/INTR_CTRLR_GEN_I.ip2bus_data_int_reg[25]/CE
                                                              -0.579        
i_ps/system_i/system_i/axi_protocol_converter_0/inst/gen_axilite.gen_b2s_conv.axilite_b2s/WR.b_channel_0/bresp_fifo_0/cnt_read_reg[1]/C
                               i_ps/system_i/system_i/xadc/inst/INTR_CTRLR_GEN_I.ip2bus_data_int_reg[30]/CE
                                                              -0.579        
i_ps/system_i/system_i/axi_protocol_converter_0/inst/gen_axilite.gen_b2s_conv.axilite_b2s/SI_REG/aw_pipe/m_payload_i_reg[3]/C
                               i_ps/system_i/system_i/xadc/inst/AXI_LITE_IPIF_I/I_SLAVE_ATTACHMENT/I_DECODER/GEN_BKEND_CE_REGISTERS[15].ce_out_i_reg[15]/D
                                                              -0.572        
i_ps/system_i/system_i/axi_protocol_converter_0/inst/gen_axilite.gen_b2s_conv.axilite_b2s/SI_REG/aw_pipe/m_payload_i_reg[3]/C
                               i_ps/system_i/system_i/xadc/inst/AXI_LITE_IPIF_I/I_SLAVE_ATTACHMENT/I_DECODER/GEN_BKEND_CE_REGISTERS[18].ce_out_i_reg[18]/D
                                                              -0.572        
i_ps/system_i/system_i/xadc/inst/INTR_CTRLR_GEN_I.ip2bus_rdack_reg/C
                               i_ps/system_i/system_i/axi_protocol_converter_0/inst/gen_axilite.gen_b2s_conv.axilite_b2s/RD.ar_channel_0/cmd_translator_0/incr_cmd_0/axaddr_incr_reg[8]/D
                                                              -0.561        
i_ps/system_i/system_i/xadc/inst/INTR_CTRLR_GEN_I.ip2bus_wrack_reg/C
                               i_ps/system_i/system_i/axi_protocol_converter_0/inst/gen_axilite.gen_b2s_conv.axilite_b2s/WR.aw_channel_0/cmd_translator_0/incr_cmd_0/axaddr_incr_reg[3]/D
                                                              -0.559        
i_ps/system_i/system_i/axi_protocol_converter_0/inst/gen_axilite.gen_b2s_conv.axilite_b2s/WR.b_channel_0/bresp_fifo_0/cnt_read_reg[1]/C
                               i_ps/system_i/system_i/xadc/inst/INTR_CTRLR_GEN_I.ip2bus_data_int_reg[15]/CE
                                                              -0.555        
i_ps/system_i/system_i/axi_protocol_converter_0/inst/gen_axilite.gen_b2s_conv.axilite_b2s/WR.b_channel_0/bresp_fifo_0/cnt_read_reg[1]/C
                               i_ps/system_i/system_i/xadc/inst/INTR_CTRLR_GEN_I.ip2bus_data_int_reg[16]/CE
                                                              -0.555        
i_ps/system_i/system_i/xadc/inst/INTR_CTRLR_GEN_I.ip2bus_wrack_reg/C
                               i_ps/system_i/system_i/axi_protocol_converter_0/inst/gen_axilite.gen_b2s_conv.axilite_b2s/WR.aw_channel_0/s_awid_r_reg[1]/CE
                                                              -0.553        
i_ps/system_i/system_i/xadc/inst/INTR_CTRLR_GEN_I.ip2bus_wrack_reg/C
                               i_ps/system_i/system_i/axi_protocol_converter_0/inst/gen_axilite.gen_b2s_conv.axilite_b2s/WR.aw_channel_0/s_awid_r_reg[8]/CE
                                                              -0.553        
i_ps/system_i/system_i/axi_protocol_converter_0/inst/gen_axilite.gen_b2s_conv.axilite_b2s/SI_REG/ar_pipe/m_payload_i_reg[5]/C
                               i_ps/system_i/system_i/xadc/inst/AXI_LITE_IPIF_I/I_SLAVE_ATTACHMENT/I_DECODER/GEN_BKEND_CE_REGISTERS[16].ce_out_i_reg[16]/D
                                                              -0.543        
i_ps/system_i/system_i/axi_protocol_converter_0/inst/gen_axilite.gen_b2s_conv.axilite_b2s/RD.r_channel_0/rd_data_fifo_0/cnt_read_reg[4]_rep__3/C
                               i_ps/system_i/system_i/axi_protocol_converter_0/inst/gen_axilite.gen_b2s_conv.axilite_b2s/RD.ar_channel_0/cmd_translator_0/wrap_cmd_0/wrap_cnt_r_reg[0]/CE
                                                              -0.527        
i_ps/system_i/system_i/axi_protocol_converter_0/inst/gen_axilite.gen_b2s_conv.axilite_b2s/WR.b_channel_0/bresp_fifo_0/cnt_read_reg[1]/C
                               i_ps/system_i/system_i/xadc/inst/INTR_CTRLR_GEN_I.ip2bus_data_int_reg[14]/CE
                                                              -0.522        
i_ps/system_i/system_i/xadc/inst/INTR_CTRLR_GEN_I.ip2bus_rdack_reg/C
                               i_ps/system_i/system_i/axi_protocol_converter_0/inst/gen_axilite.gen_b2s_conv.axilite_b2s/RD.ar_channel_0/cmd_translator_0/incr_cmd_0/axaddr_incr_reg[5]/D
                                                              -0.515        
i_ps/system_i/system_i/xadc/inst/INTR_CTRLR_GEN_I.ip2bus_rdack_reg/C
                               i_ps/system_i/system_i/axi_protocol_converter_0/inst/gen_axilite.gen_b2s_conv.axilite_b2s/RD.ar_channel_0/cmd_translator_0/incr_cmd_0/axaddr_incr_reg[7]/D
                                                              -0.507        
i_ps/system_i/system_i/axi_protocol_converter_0/inst/gen_axilite.gen_b2s_conv.axilite_b2s/SI_REG/ar_pipe/m_payload_i_reg[5]/C
                               i_ps/system_i/system_i/xadc/inst/AXI_LITE_IPIF_I/I_SLAVE_ATTACHMENT/I_DECODER/GEN_BKEND_CE_REGISTERS[17].ce_out_i_reg[17]/D
                                                              -0.503        
i_ps/system_i/system_i/xadc/inst/INTR_CTRLR_GEN_I.ip2bus_wrack_reg/C
                               i_ps/system_i/system_i/axi_protocol_converter_0/inst/gen_axilite.gen_b2s_conv.axilite_b2s/WR.aw_channel_0/cmd_translator_0/incr_cmd_0/axaddr_incr_reg[2]/D
                                                              -0.499        
dac_rst_reg/C                  oddr_dac_dat[10]/R             -0.496        
i_ps/system_i/system_i/axi_protocol_converter_0/inst/gen_axilite.gen_b2s_conv.axilite_b2s/SI_REG/ar_pipe/m_payload_i_reg[8]/C
                               i_ps/system_i/system_i/xadc/inst/AXI_XADC_CORE_I/XADC_INST/DADDR[6]
                                                              -0.489        
i_ps/system_i/system_i/xadc/inst/INTR_CTRLR_GEN_I.ip2bus_rdack_reg/C
                               i_ps/system_i/system_i/axi_protocol_converter_0/inst/gen_axilite.gen_b2s_conv.axilite_b2s/RD.ar_channel_0/cmd_translator_0/s_axburst_eq0_reg/D
                                                              -0.487        
i_ps/system_i/system_i/axi_protocol_converter_0/inst/gen_axilite.gen_b2s_conv.axilite_b2s/RD.ar_channel_0/ar_cmd_fsm_0/state_reg[0]/C
                               i_ps/system_i/system_i/axi_protocol_converter_0/inst/gen_axilite.gen_b2s_conv.axilite_b2s/RD.ar_channel_0/cmd_translator_0/incr_cmd_0/axlen_cnt_reg[1]/CE
                                                              -0.486        
i_ps/system_i/system_i/axi_protocol_converter_0/inst/gen_axilite.gen_b2s_conv.axilite_b2s/RD.ar_channel_0/ar_cmd_fsm_0/state_reg[0]/C
                               i_ps/system_i/system_i/axi_protocol_converter_0/inst/gen_axilite.gen_b2s_conv.axilite_b2s/RD.ar_channel_0/cmd_translator_0/incr_cmd_0/axlen_cnt_reg[2]/CE
                                                              -0.486        
i_ps/system_i/system_i/xadc/inst/INTR_CTRLR_GEN_I.ip2bus_rdack_reg/C
                               i_ps/system_i/system_i/axi_protocol_converter_0/inst/gen_axilite.gen_b2s_conv.axilite_b2s/RD.ar_channel_0/cmd_translator_0/s_axburst_eq1_reg/D
                                                              -0.469        
i_ps/system_i/system_i/axi_protocol_converter_0/inst/gen_axilite.gen_b2s_conv.axilite_b2s/SI_REG/ar_pipe/m_payload_i_reg[5]/C
                               i_ps/system_i/system_i/xadc/inst/AXI_LITE_IPIF_I/I_SLAVE_ATTACHMENT/I_DECODER/GEN_BKEND_CE_REGISTERS[11].ce_out_i_reg[11]/D
                                                              -0.463        
i_ps/system_i/system_i/axi_protocol_converter_0/inst/gen_axilite.gen_b2s_conv.axilite_b2s/SI_REG/ar_pipe/m_payload_i_reg[5]/C
                               i_ps/system_i/system_i/xadc/inst/AXI_LITE_IPIF_I/I_SLAVE_ATTACHMENT/I_DECODER/GEN_BKEND_CE_REGISTERS[8].ce_out_i_reg[8]/D
                                                              -0.452        
i_ps/system_i/system_i/axi_protocol_converter_0/inst/gen_axilite.gen_b2s_conv.axilite_b2s/SI_REG/aw_pipe/m_payload_i_reg[3]/C
                               i_ps/system_i/system_i/xadc/inst/AXI_LITE_IPIF_I/I_SLAVE_ATTACHMENT/I_DECODER/GEN_BKEND_CE_REGISTERS[22].ce_out_i_reg[22]/D
                                                              -0.450        
pwm_rstn_reg/C                 pwm[2]/bcnt_reg[0]/R           -0.443        
pwm_rstn_reg/C                 pwm[2]/bcnt_reg[1]/R           -0.443        
pwm_rstn_reg/C                 pwm[2]/bcnt_reg[2]/R           -0.443        
pwm_rstn_reg/C                 pwm[2]/bcnt_reg[3]/R           -0.443        
pwm_rstn_reg/C                 pwm[2]/vcnt_reg[1]/R           -0.378        
dac_rst_reg/C                  oddr_dac_dat[11]/R             -0.347        
pwm_rstn_reg/C                 pwm[2]/vcnt_reg[2]/R           -0.283        
pwm_rstn_reg/C                 pwm[2]/vcnt_reg[3]/R           -0.283        
pwm_rstn_reg/C                 pwm[2]/vcnt_reg[4]/R           -0.283        
pwm_rstn_reg/C                 pwm[2]/vcnt_reg[5]/R           -0.283        
pwm_rstn_reg/C                 pwm[2]/vcnt_reg[0]/R           -0.231        
pwm_rstn_reg/C                 pwm[2]/vcnt_reg[6]/R           -0.231        
pwm_rstn_reg/C                 pwm[2]/vcnt_reg[7]/R           -0.231        
pwm_rstn_reg/C                 pwm[3]/pwm_o_reg/R             -0.078        
dac_rst_reg/C                  oddr_dac_dat[6]/R              -0.052        
pwm_rstn_reg/C                 pwm[2]/pwm_o_reg/R             -0.016        
pwm_rstn_reg/C                 pwm[2]/v_r_reg[5]/CE           0.053         
pwm_rstn_reg/C                 pwm[2]/v_r_reg[6]/CE           0.053         
pwm_rstn_reg/C                 pwm[2]/v_r_reg[7]/CE           0.053         
pwm_rstn_reg/C                 pwm[2]/vcnt_r_reg[0]/CE        0.053         
pwm_rstn_reg/C                 pwm[2]/vcnt_r_reg[1]/CE        0.053         
pwm_rstn_reg/C                 pwm[2]/vcnt_r_reg[6]/CE        0.053         
pwm_rstn_reg/C                 pwm[2]/vcnt_r_reg[7]/CE        0.053         
dac_rst_reg/C                  oddr_dac_dat[7]/R              0.096         
pwm[2]/bcnt_reg[1]/C           pwm[2]/v_reg[2]/CE             0.213         
pwm[2]/bcnt_reg[1]/C           pwm[2]/v_reg[5]/CE             0.213         
dac_rst_reg/C                  oddr_dac_dat[8]/R              0.246         
dac_dat_a_reg[2]/C             oddr_dac_dat[2]/D2             0.263         
pwm_rstn_reg/C                 pwm[2]/b_reg[1]/CE             0.269         
pwm_rstn_reg/C                 pwm[2]/b_reg[2]/CE             0.269         
pwm_rstn_reg/C                 pwm[2]/b_reg[3]/CE             0.273         
pwm_rstn_reg/C                 pwm[2]/b_reg[4]/CE             0.273         
pwm_rstn_reg/C                 pwm[2]/b_reg[5]/CE             0.273         
adc_rstn_reg/C                 i_lock/i_lock_ctrl/cnt_reg[20]/CLR
                                                              0.273         
adc_rstn_reg/C                 i_lock/i_lock_ctrl/cnt_reg[21]/CLR
                                                              0.273         
adc_rstn_reg/C                 i_lock/i_lock_ctrl/cnt_reg[22]/CLR
                                                              0.273         
adc_rstn_reg/C                 i_lock/i_lock_ctrl/cnt_reg[23]/CLR
                                                              0.273         
pwm_rstn_reg/C                 pwm[2]/v_r_reg[0]/CE           0.278         
pwm_rstn_reg/C                 pwm[2]/v_r_reg[1]/CE           0.278         
pwm_rstn_reg/C                 pwm[2]/v_r_reg[2]/CE           0.278         
pwm_rstn_reg/C                 pwm[2]/v_r_reg[3]/CE           0.278         
pwm_rstn_reg/C                 pwm[2]/vcnt_r_reg[2]/CE        0.278         
pwm_rstn_reg/C                 pwm[2]/vcnt_r_reg[3]/CE        0.278         
pwm_rstn_reg/C                 pwm[1]/pwm_o_reg/R             0.278         
pwm_rstn_reg/C                 pwm[0]/pwm_o_reg/R             0.327         
pwm_rstn_reg/C                 pwm[3]/bcnt_reg[0]/R           0.342         
pwm_rstn_reg/C                 pwm[3]/bcnt_reg[1]/R           0.342         
pwm_rstn_reg/C                 pwm[3]/bcnt_reg[2]/R           0.342         
pwm_rstn_reg/C                 pwm[3]/bcnt_reg[3]/R           0.342         
dac_rst_reg/C                  oddr_dac_sel/R                 0.345         
pwm_rstn_reg/C                 pwm[2]/b_reg[6]/CE             0.372         
pwm_rstn_reg/C                 pwm[2]/b_reg[7]/CE             0.372         
pwm_rstn_reg/C                 pwm[2]/b_reg[8]/CE             0.372         
pwm_rstn_reg/C                 pwm[2]/b_reg[9]/CE             0.372         
pwm[3]/bcnt_reg[1]/C           pwm[3]/v_reg[1]/CE             0.382         
pwm[3]/bcnt_reg[1]/C           pwm[3]/v_reg[2]/CE             0.382         
pwm[3]/bcnt_reg[1]/C           pwm[3]/v_reg[5]/CE             0.382         
pwm[3]/bcnt_reg[1]/C           pwm[3]/v_reg[6]/CE             0.382         
dac_rst_reg/C                  oddr_dac_dat[9]/R              0.394         
pwm_rstn_reg/C                 pwm[2]/b_reg[0]/CE             0.396         
pwm_rstn_reg/C                 pwm[2]/b_reg[14]/CE            0.396         
pwm_rstn_reg/C                 pwm[2]/b_reg[15]/CE            0.396         
pwm_rstn_reg/C                 pwm[2]/b_reg[10]/CE            0.408         
pwm_rstn_reg/C                 pwm[2]/b_reg[11]/CE            0.408         
pwm_rstn_reg/C                 pwm[2]/b_reg[12]/CE            0.408         
pwm_rstn_reg/C                 pwm[2]/b_reg[13]/CE            0.408         
pwm[2]/bcnt_reg[1]/C           pwm[2]/v_reg[0]/CE             0.409         
pwm[2]/bcnt_reg[1]/C           pwm[2]/v_reg[3]/CE             0.409         
adc_rstn_reg/C                 i_lock/i_lock_ctrl/cnt_reg[16]/CLR
                                                              0.417         
adc_rstn_reg/C                 i_lock/i_lock_ctrl/cnt_reg[17]/CLR
                                                              0.417         
adc_rstn_reg/C                 i_lock/i_lock_ctrl/cnt_reg[18]/CLR
                                                              0.417         
adc_rstn_reg/C                 i_lock/i_lock_ctrl/cnt_reg[19]/CLR
                                                              0.417         
pwm[3]/bcnt_reg[1]/C           pwm[3]/v_reg[0]/CE             0.421         
pwm[3]/bcnt_reg[1]/C           pwm[3]/v_reg[3]/CE             0.421         
pwm[3]/bcnt_reg[1]/C           pwm[3]/v_reg[4]/CE             0.421         
pwm[3]/bcnt_reg[1]/C           pwm[3]/v_reg[7]/CE             0.421         
dac_dat_a_reg[0]/C             oddr_dac_dat[0]/D2             0.470         
dac_dat_a_reg[13]/C            oddr_dac_dat[13]/D2            0.488         
pwm_rstn_reg/C                 pwm[1]/vcnt_reg[3]/R           0.503         
pwm_rstn_reg/C                 pwm[1]/vcnt_reg[4]/R           0.503         
pwm_rstn_reg/C                 pwm[2]/v_r_reg[4]/CE           0.563         
pwm_rstn_reg/C                 pwm[2]/vcnt_r_reg[4]/CE        0.563         
pwm_rstn_reg/C                 pwm[2]/vcnt_r_reg[5]/CE        0.563         
dac_dat_a_reg[3]/C             oddr_dac_dat[3]/D2             0.575         
dac_dat_a_reg[5]/C             oddr_dac_dat[5]/D2             0.586         
adc_rstn_reg/C                 i_lock/i_lock_ctrl/cnt_reg[24]/CLR
                                                              0.591         
adc_rstn_reg/C                 i_lock/i_lock_ctrl/cnt_reg[25]/CLR
                                                              0.591         
adc_rstn_reg/C                 i_lock/i_lock_ctrl/cnt_reg[26]/CLR
                                                              0.591         
adc_rstn_reg/C                 i_lock/i_lock_ctrl/cnt_reg[27]/CLR
                                                              0.591         
pwm_rstn_reg/C                 pwm[1]/vcnt_reg[5]/R           0.598         
pwm_rstn_reg/C                 pwm[1]/vcnt_reg[6]/R           0.598         
pwm_rstn_reg/C                 pwm[1]/vcnt_reg[7]/R           0.598         
pwm_rstn_reg/C                 pwm[1]/vcnt_reg[2]/R           0.602         
pwm_rstn_reg/C                 pwm[0]/vcnt_reg[4]/R           0.606         
pwm_rstn_reg/C                 pwm[0]/vcnt_reg[5]/R           0.606         
pwm_rstn_reg/C                 pwm[3]/vcnt_reg[0]/R           0.618         
pwm_rstn_reg/C                 pwm[3]/vcnt_reg[6]/R           0.618         
dac_rst_reg/C                  oddr_dac_dat[13]/R             0.671         
adc_rstn_reg/C                 i_lock/i_debounce_out_of_lock/q_reg_reg[4]/CLR
                                                              0.696         
adc_rstn_reg/C                 i_lock/i_debounce_out_of_lock/q_reg_reg[6]/CLR
                                                              0.696         
pwm_rstn_reg/C                 pwm[3]/vcnt_reg[2]/R           0.713         
pwm_rstn_reg/C                 pwm[3]/vcnt_reg[3]/R           0.713         
pwm_rstn_reg/C                 pwm[3]/vcnt_reg[4]/R           0.713         
pwm_rstn_reg/C                 pwm[3]/vcnt_reg[5]/R           0.713         
pwm[2]/bcnt_reg[1]/C           pwm[2]/v_reg[1]/CE             0.714         
pwm[2]/bcnt_reg[1]/C           pwm[2]/v_reg[4]/CE             0.714         
pwm[2]/bcnt_reg[1]/C           pwm[2]/v_reg[6]/CE             0.714         
pwm[2]/bcnt_reg[1]/C           pwm[2]/v_reg[7]/CE             0.714         
pwm[2]/vcnt_reg[4]/C           pwm[2]/bcnt_reg[0]/CE          0.715         
pwm[2]/vcnt_reg[4]/C           pwm[2]/bcnt_reg[1]/CE          0.715         
pwm[2]/vcnt_reg[4]/C           pwm[2]/bcnt_reg[2]/CE          0.715         
pwm[2]/vcnt_reg[4]/C           pwm[2]/bcnt_reg[3]/CE          0.715         
i_lock/pwm_cfg_c_reg[15]/C     pwm[2]/b_reg[15]/D             0.720         
pwm_rstn_reg/C                 pwm[3]/vcnt_reg[1]/R           0.722         
pwm_rstn_reg/C                 pwm[3]/vcnt_reg[7]/R           0.722         
pwm_rstn_reg/C                 pwm[3]/b_reg[0]/CE             0.733         
pwm_rstn_reg/C                 pwm[3]/b_reg[1]/CE             0.733         
dac_rst_reg/C                  oddr_dac_dat[12]/R             0.741         
pwm_rstn_reg/C                 pwm[1]/vcnt_reg[0]/R           0.741         
pwm_rstn_reg/C                 pwm[1]/vcnt_reg[1]/R           0.741         
pwm_rstn_reg/C                 pwm[3]/b_reg[10]/CE            0.763         
pwm_rstn_reg/C                 pwm[3]/b_reg[11]/CE            0.763         
pwm_rstn_reg/C                 pwm[3]/b_reg[12]/CE            0.763         
dac_rst_reg/C                  oddr_dac_dat[1]/R              0.780         
dac_rst_reg/C                  oddr_dac_dat[0]/R              0.792         
adc_rstn_reg/C                 i_lock/i_lock_ctrl/cnt_reg[0]/CLR
                                                              0.852         
adc_rstn_reg/C                 i_lock/i_lock_ctrl/cnt_reg[1]/CLR
                                                              0.852         
adc_rstn_reg/C                 i_lock/i_lock_ctrl/cnt_reg[2]/CLR
                                                              0.852         
adc_rstn_reg/C                 i_lock/i_lock_ctrl/cnt_reg[3]/CLR
                                                              0.852         
dac_rst_reg/C                  oddr_dac_dat[4]/R              0.871         
adc_rstn_reg/C                 i_lock/i_debounce_out_of_lock/state_reg_reg[0]/CLR
                                                              0.874         
adc_rstn_reg/C                 i_lock/i_debounce_out_of_lock/state_reg_reg[1]/CLR
                                                              0.874         
adc_rstn_reg/C                 i_lock/i_debounce_out_of_lock/q_reg_reg[2]/CLR
                                                              0.909         
adc_rstn_reg/C                 i_lock/i_debounce_out_of_lock/q_reg_reg[5]/CLR
                                                              0.909         
adc_rstn_reg/C                 i_lock/i_debounce_out_of_lock/q_reg_reg[1]/CLR
                                                              0.953         
adc_rstn_reg/C                 i_lock/i_debounce_out_of_lock/q_reg_reg[0]/CLR
                                                              0.995         
adc_rstn_reg/C                 i_lock/i_debounce_out_of_lock/q_reg_reg[3]/CLR
                                                              0.995         
adc_rstn_reg/C                 i_lock/i_lock_ctrl/cnt_reg[4]/CLR
                                                              1.005         
adc_rstn_reg/C                 i_lock/i_lock_ctrl/cnt_reg[5]/CLR
                                                              1.005         
adc_rstn_reg/C                 i_lock/i_lock_ctrl/cnt_reg[6]/CLR
                                                              1.005         
adc_rstn_reg/C                 i_lock/i_lock_ctrl/cnt_reg[7]/CLR
                                                              1.005         
dac_dat_a_reg[6]/C             oddr_dac_dat[6]/D2             1.009         
adc_rstn_reg/C                 i_lock/i_lock_ctrl/cnt_reg[10]/CLR
                                                              1.157         
adc_rstn_reg/C                 i_lock/i_lock_ctrl/cnt_reg[8]/CLR
                                                              1.157         
adc_rstn_reg/C                 i_lock/i_lock_ctrl/cnt_reg[9]/CLR
                                                              1.157         
adc_rstn_reg/C                 i_lock/i_lock_ctrl/cnt_reg[11]/CLR
                                                              1.243         
adc_rstn_reg/C                 i_lock/i_lock_ctrl/cnt_reg[12]/CLR
                                                              1.318         
adc_rstn_reg/C                 i_lock/i_lock_ctrl/cnt_reg[13]/CLR
                                                              1.318         
adc_rstn_reg/C                 i_lock/i_lock_ctrl/cnt_reg[14]/CLR
                                                              1.318         
adc_rstn_reg/C                 i_lock/i_lock_ctrl/cnt_reg[15]/CLR
                                                              1.318         
dac_dat_a_reg[8]/C             oddr_dac_dat[8]/D2             1.336         
adc_rstn_reg/C                 i_lock/i_lock_ctrl/cnt_reg[28]/CLR
                                                              1.354         
adc_rstn_reg/C                 i_lock/i_lock_ctrl/cnt_reg[29]/CLR
                                                              1.354         
adc_rstn_reg/C                 i_lock/i_lock_ctrl/cnt_reg[30]/CLR
                                                              1.354         
dac_dat_a_reg[11]/C            oddr_dac_dat[11]/D2            1.390         
dac_dat_a_reg[7]/C             oddr_dac_dat[7]/D2             1.400         
dac_dat_a_reg[9]/C             oddr_dac_dat[9]/D2             1.412         
dac_rst_reg/C                  oddr_dac_rst/D2                1.538         
dac_dat_a_reg[10]/C            oddr_dac_dat[10]/D2            1.802         
dac_dat_a_reg[1]/C             oddr_dac_dat[1]/D2             1.902         
dac_dat_a_reg[4]/C             oddr_dac_dat[4]/D2             1.903         
dac_dat_a_reg[12]/C            oddr_dac_dat[12]/D2            2.047         
adc_rstn_reg/C                 i_lock/sys_ack_reg/CLR         2.766         
dac_dat_b_reg[0]/C             oddr_dac_dat[0]/D1             3.808         
dac_dat_b_reg[1]/C             oddr_dac_dat[1]/D1             4.298         
dac_dat_b_reg[5]/C             oddr_dac_dat[5]/D1             4.456         
dac_dat_b_reg[2]/C             oddr_dac_dat[2]/D1             4.475         
dac_rst_reg/C                  oddr_dac_rst/D1                4.507         
dac_dat_b_reg[4]/C             oddr_dac_dat[4]/D1             4.531         
dac_dat_b_reg[7]/C             oddr_dac_dat[7]/D1             5.237         
dac_dat_b_reg[11]/C            oddr_dac_dat[11]/D1            5.370         
dac_dat_b_reg[9]/C             oddr_dac_dat[9]/D1             5.444         
dac_dat_b_reg[3]/C             oddr_dac_dat[3]/D1             5.607         
dac_dat_b_reg[10]/C            oddr_dac_dat[10]/D1            5.656         
dac_dat_b_reg[13]/C            oddr_dac_dat[13]/D1            5.839         
dac_dat_b_reg[6]/C             oddr_dac_dat[6]/D1             5.842         
dac_dat_b_reg[8]/C             oddr_dac_dat[8]/D1             5.860         
dac_dat_b_reg[12]/C            oddr_dac_dat[12]/D1            5.987         



