Copyright 1986-2015 Xilinx, Inc. All Rights Reserved.
----------------------------------------------------------------------------------------
| Tool Version     : Vivado v.2015.2 (lin64) Build 1266856 Fri Jun 26 16:35:25 MDT 2015
| Date             : Thu Dec  7 16:33:50 2017
| Host             : HUGO running 64-bit Ubuntu 14.04.5 LTS
| Command          : report_power -file out/post_route_power.rpt
| Design           : red_pitaya_top
| Device           : xc7z010clg400-1
| Design State     : Routed
| Grade            : commercial
| Process          : typical
| Characterization : Production
----------------------------------------------------------------------------------------

Power Report

Table of Contents
-----------------
1. Summary
1.1 On-Chip Components
1.2 Power Supply Summary
1.3 Confidence Level
2. Settings
2.1 Environment
2.2 Clock Constraints
3. Detailed Reports
3.1 By Hierarchy

1. Summary
----------

+--------------------------+-------+
| Total On-Chip Power (W)  | 2.086 |
| Dynamic (W)              | 1.941 |
| Device Static (W)        | 0.146 |
| Effective TJA (C/W)      | 11.5  |
| Max Ambient (C)          | 60.9  |
| Junction Temperature (C) | 49.1  |
| Confidence Level         | Low   |
| Setting File             | ---   |
| Simulation Activity File | ---   |
| Design Nets Matched      | NA    |
+--------------------------+-------+


1.1 On-Chip Components
----------------------

+--------------------------+-----------+----------+-----------+-----------------+
| On-Chip                  | Power (W) | Used     | Available | Utilization (%) |
+--------------------------+-----------+----------+-----------+-----------------+
| Clocks                   |     0.053 |       15 |       --- |             --- |
| Slice Logic              |     0.112 |    24162 |       --- |             --- |
|   LUT as Logic           |     0.103 |    12646 |     17600 |           71.85 |
|   CARRY4                 |     0.005 |      912 |      4400 |           20.73 |
|   Register               |     0.003 |     7082 |     35200 |           20.12 |
|   LUT as Distributed RAM |    <0.001 |      160 |      6000 |            2.67 |
|   F7/F8 Muxes            |    <0.001 |      487 |     17600 |            2.77 |
|   LUT as Shift Register  |    <0.001 |       63 |      6000 |            1.05 |
|   Others                 |     0.000 |      478 |       --- |             --- |
| Signals                  |     0.146 |    19585 |       --- |             --- |
| Block RAM                |     0.046 |       18 |        60 |           30.00 |
| PLL                      |     0.096 |        1 |         2 |           50.00 |
| DSPs                     |     0.027 |       25 |        80 |           31.25 |
| I/O                      |     0.213 |       93 |       100 |           93.00 |
| XADC                     |     0.004 |        1 |       --- |             --- |
| PS7                      |     1.244 |        1 |       --- |             --- |
| Static Power             |     0.146 |          |           |                 |
| Total                    |     2.086 |          |           |                 |
+--------------------------+-----------+----------+-----------+-----------------+


1.2 Power Supply Summary
------------------------

+-----------+-------------+-----------+-------------+------------+
| Source    | Voltage (V) | Total (A) | Dynamic (A) | Static (A) |
+-----------+-------------+-----------+-------------+------------+
| Vccint    |       1.000 |     0.396 |       0.387 |      0.009 |
| Vccaux    |       1.800 |     0.067 |       0.055 |      0.012 |
| Vcco33    |       3.300 |     0.062 |       0.061 |      0.001 |
| Vcco25    |       2.500 |     0.001 |       0.000 |      0.001 |
| Vcco18    |       1.800 |     0.002 |       0.001 |      0.001 |
| Vcco15    |       1.500 |     0.001 |       0.000 |      0.001 |
| Vcco135   |       1.350 |     0.000 |       0.000 |      0.000 |
| Vcco12    |       1.200 |     0.000 |       0.000 |      0.000 |
| Vccaux_io |       1.800 |     0.000 |       0.000 |      0.000 |
| Vccbram   |       1.000 |     0.005 |       0.003 |      0.002 |
| MGTAVcc   |       1.000 |     0.000 |       0.000 |      0.000 |
| MGTAVtt   |       1.200 |     0.000 |       0.000 |      0.000 |
| MGTVccaux |       1.800 |     0.000 |       0.000 |      0.000 |
| Vccpint   |       1.000 |     0.667 |       0.632 |      0.035 |
| Vccpaux   |       1.800 |     0.038 |       0.027 |      0.010 |
| Vccpll    |       1.800 |     0.016 |       0.013 |      0.003 |
| Vcco_ddr  |       1.500 |     0.356 |       0.354 |      0.002 |
| Vcco_mio0 |       3.300 |     0.002 |       0.001 |      0.001 |
| Vcco_mio1 |       2.500 |     0.003 |       0.002 |      0.001 |
| Vccadc    |       1.800 |     0.022 |       0.002 |      0.020 |
+-----------+-------------+-----------+-------------+------------+


1.3 Confidence Level
--------------------

+-----------------------------+------------+--------------------------------------------------------+------------------------------------------------------------------------------------------------------------+
| User Input Data             | Confidence | Details                                                | Action                                                                                                     |
+-----------------------------+------------+--------------------------------------------------------+------------------------------------------------------------------------------------------------------------+
| Design implementation state | High       | Design is routed                                       |                                                                                                            |
| Clock nodes activity        | High       | User specified more than 95% of clocks                 |                                                                                                            |
| I/O nodes activity          | Low        | More than 75% of inputs are missing user specification | Provide missing input activity with simulation results or by editing the "By Resource Type -> I/Os" view   |
| Internal nodes activity     | Medium     | User specified less than 25% of internal nodes         | Provide missing internal nodes activity with simulation results or by editing the "By Resource Type" views |
| Device models               | High       | Device models are Production                           |                                                                                                            |
|                             |            |                                                        |                                                                                                            |
| Overall confidence level    | Low        |                                                        |                                                                                                            |
+-----------------------------+------------+--------------------------------------------------------+------------------------------------------------------------------------------------------------------------+


2. Settings
-----------

2.1 Environment
---------------

+-----------------------+------------------------+
| Ambient Temp (C)      | 25.0                   |
| ThetaJA (C/W)         | 11.5                   |
| Airflow (LFM)         | 250                    |
| Heat Sink             | none                   |
| ThetaSA (C/W)         | 0.0                    |
| Board Selection       | medium (10"x10")       |
| # of Board Layers     | 8to11 (8 to 11 Layers) |
| Board Temperature (C) | 25.0                   |
+-----------------------+------------------------+


2.2 Clock Constraints
---------------------

+----------------+-----------------------------------------------------------------------+-----------------+
| Clock          | Domain                                                                | Constraint (ns) |
+----------------+-----------------------------------------------------------------------+-----------------+
| adc_clk        | adc_clk_p_i                                                           |             8.0 |
| clk_fb         | pll/clk_fb                                                            |             8.0 |
| clk_fpga_3     | i_ps/system_i/system_i/processing_system7/inst/FCLK_CLK_unbuffered[3] |             5.0 |
| pll_adc_clk    | pll/clk_adc                                                           |             8.0 |
| pll_dac_clk_1x | pll/clk_dac_1x                                                        |             8.0 |
| pll_dac_clk_2p | pll/clk_dac_2p                                                        |             4.0 |
| pll_dac_clk_2x | pll/clk_dac_2x                                                        |             4.0 |
| pll_pwm_clk    | pll/clk_pwm                                                           |             4.0 |
| rx_clk         | daisy_p_i[1]                                                          |             4.0 |
+----------------+-----------------------------------------------------------------------+-----------------+


3. Detailed Reports
-------------------

3.1 By Hierarchy
----------------

+----------------------------------------------------------------------------------+-----------+
| Name                                                                             | Power (W) |
+----------------------------------------------------------------------------------+-----------+
| red_pitaya_top                                                                   |     1.941 |
|   i_ams                                                                          |    <0.001 |
|   i_hk                                                                           |     0.001 |
|   i_iobufn[0]                                                                    |    <0.001 |
|   i_iobufn[1]                                                                    |    <0.001 |
|   i_iobufn[2]                                                                    |    <0.001 |
|   i_iobufn[3]                                                                    |    <0.001 |
|   i_iobufn[4]                                                                    |    <0.001 |
|   i_iobufn[5]                                                                    |    <0.001 |
|   i_iobufn[6]                                                                    |    <0.001 |
|   i_iobufn[7]                                                                    |    <0.001 |
|   i_iobufp[0]                                                                    |    <0.001 |
|   i_iobufp[1]                                                                    |    <0.001 |
|   i_iobufp[2]                                                                    |    <0.001 |
|   i_iobufp[3]                                                                    |    <0.001 |
|   i_iobufp[4]                                                                    |    <0.001 |
|   i_iobufp[5]                                                                    |    <0.001 |
|   i_iobufp[6]                                                                    |    <0.001 |
|   i_iobufp[7]                                                                    |    <0.001 |
|   i_lock                                                                         |     0.260 |
|     i_LP_filter_cos_ref_A                                                        |     0.005 |
|     i_LP_filter_cos_ref_B                                                        |     0.005 |
|     i_LP_filter_sin_1f_A                                                         |     0.005 |
|     i_LP_filter_sin_1f_B                                                         |     0.005 |
|     i_LP_filter_sin_2f_A                                                         |     0.005 |
|     i_LP_filter_sin_2f_B                                                         |     0.005 |
|     i_LP_filter_sin_3f_A                                                         |     0.005 |
|     i_LP_filter_sin_3f_B                                                         |     0.005 |
|     i_LP_filter_sin_ref_A                                                        |     0.005 |
|     i_LP_filter_sin_ref_B                                                        |     0.005 |
|     i_LP_filter_sq_phas_A                                                        |     0.005 |
|     i_LP_filter_sq_phas_B                                                        |     0.007 |
|     i_LP_filter_sq_quad_A                                                        |     0.005 |
|     i_LP_filter_sq_quad_B                                                        |     0.006 |
|     i_LP_filter_sq_ref_A                                                         |     0.006 |
|     i_LP_filter_sq_ref_B                                                         |     0.007 |
|     i_aDACdecoder_c                                                              |    <0.001 |
|     i_aDACdecoder_d                                                              |    <0.001 |
|     i_debounce_out_of_lock                                                       |    <0.001 |
|     i_gen_mod                                                                    |     0.014 |
|     i_gen_scan                                                                   |     0.005 |
|       i_gen_scan_relock                                                          |     0.001 |
|         i_satprotect_hig                                                         |    <0.001 |
|         i_satprotect_low                                                         |    <0.001 |
|       i_mult_dps_error_pow                                                       |     0.002 |
|         U0                                                                       |     0.002 |
|           i_mult                                                                 |     0.002 |
|             gDSP.gDSP_only.iDSP                                                  |     0.002 |
|     i_jump_control                                                               |    <0.001 |
|     i_lock_ctrl                                                                  |     0.001 |
|     i_lock_pid_block_A                                                           |     0.038 |
|       i_sat14_int                                                                |     0.014 |
|       i_satprotect_pid_sum                                                       |    <0.001 |
|       i_slope9                                                                   |     0.003 |
|     i_lock_pid_block_B                                                           |     0.039 |
|       i_sat14_int                                                                |     0.014 |
|       i_satprotect_pid_sum                                                       |    <0.001 |
|       i_slope9                                                                   |     0.003 |
|     i_mult_dps_cos_ref                                                           |     0.001 |
|       U0                                                                         |     0.001 |
|         i_mult                                                                   |     0.001 |
|           gDSP.gDSP_only.iDSP                                                    |     0.001 |
|     i_mult_dps_sin_1f                                                            |     0.001 |
|       U0                                                                         |     0.001 |
|         i_mult                                                                   |     0.001 |
|           gDSP.gDSP_only.iDSP                                                    |     0.001 |
|     i_mult_dps_sin_2f                                                            |     0.001 |
|       U0                                                                         |     0.001 |
|         i_mult                                                                   |     0.001 |
|           gDSP.gDSP_only.iDSP                                                    |     0.001 |
|     i_mult_dps_sin_3f                                                            |     0.001 |
|       U0                                                                         |     0.001 |
|         i_mult                                                                   |     0.001 |
|           gDSP.gDSP_only.iDSP                                                    |     0.001 |
|     i_mult_dps_sin_ref                                                           |     0.001 |
|       U0                                                                         |     0.001 |
|         i_mult                                                                   |     0.001 |
|           gDSP.gDSP_only.iDSP                                                    |     0.001 |
|     i_mult_error_pow                                                             |     0.002 |
|     i_mult_slow_out3_aux                                                         |     0.001 |
|     i_mult_slow_out4_aux                                                         |     0.001 |
|     i_muxer4_lock_trig_sw                                                        |     0.001 |
|     i_muxer5_pidA                                                                |     0.001 |
|     i_muxer5_pidB                                                                |     0.001 |
|     i_muxer5_scope1                                                              |     0.002 |
|     i_muxer5_scope2                                                              |     0.002 |
|     i_sat15_in1in2                                                               |    <0.001 |
|     i_satprotect_F1                                                              |    <0.001 |
|     i_satprotect_F1_37                                                           |    <0.001 |
|     i_satprotect_F2                                                              |    <0.001 |
|     i_satprotect_F2_37                                                           |    <0.001 |
|     i_satprotect_F3                                                              |    <0.001 |
|     i_satprotect_F3_37                                                           |    <0.001 |
|     i_satprotect_Xo                                                              |    <0.001 |
|     i_satprotect_Xo_37                                                           |    <0.001 |
|     i_satprotect_Yo                                                              |    <0.001 |
|     i_satprotect_Yo_37                                                           |    <0.001 |
|     i_satprotect_ctrl_A                                                          |    <0.001 |
|     i_satprotect_ctrl_B                                                          |    <0.001 |
|     i_satprotect_sqf                                                             |    <0.001 |
|     i_satprotect_sqf_37                                                          |    <0.001 |
|     i_satprotect_sqx                                                             |    <0.001 |
|     i_satprotect_sqx_37                                                          |    <0.001 |
|     i_satprotect_sqy                                                             |    <0.001 |
|     i_satprotect_sqy_37                                                          |    <0.001 |
|     i_sq_mult_sq_phas                                                            |    <0.001 |
|     i_sq_mult_sq_quad                                                            |    <0.001 |
|     i_sq_mult_sq_ref                                                             |    <0.001 |
|     i_sum_2N_error_mean                                                          |     0.002 |
|     i_sum_2N_error_std                                                           |     0.002 |
|     i_trigger_input                                                              |    <0.001 |
|     muxer3_error_i                                                               |    <0.001 |
|     muxer3_rl_signal_sw                                                          |    <0.001 |
|     muxer_signal_i                                                               |     0.001 |
|     out1_sw_m                                                                    |    <0.001 |
|     out2_sw_m                                                                    |    <0.001 |
|     slow_out3_sw_m                                                               |    <0.001 |
|     slow_out4_sw_m                                                               |    <0.001 |
|   i_ps                                                                           |     1.274 |
|     axi_master[0]                                                                |     0.003 |
|       axi_awfifo_reg_0_15_0_5                                                    |    <0.001 |
|       axi_awfifo_reg_0_15_12_17                                                  |    <0.001 |
|       axi_awfifo_reg_0_15_18_23                                                  |    <0.001 |
|       axi_awfifo_reg_0_15_24_29                                                  |    <0.001 |
|       axi_awfifo_reg_0_15_30_35                                                  |    <0.001 |
|       axi_awfifo_reg_0_15_36_36                                                  |    <0.001 |
|       axi_awfifo_reg_0_15_6_11                                                   |    <0.001 |
|       axi_wfifo_reg_0_15_0_5                                                     |    <0.001 |
|       axi_wfifo_reg_0_15_12_17                                                   |    <0.001 |
|       axi_wfifo_reg_0_15_18_23                                                   |    <0.001 |
|       axi_wfifo_reg_0_15_24_29                                                   |    <0.001 |
|       axi_wfifo_reg_0_15_30_35                                                   |    <0.001 |
|       axi_wfifo_reg_0_15_36_41                                                   |    <0.001 |
|       axi_wfifo_reg_0_15_42_47                                                   |    <0.001 |
|       axi_wfifo_reg_0_15_48_53                                                   |    <0.001 |
|       axi_wfifo_reg_0_15_54_59                                                   |    <0.001 |
|       axi_wfifo_reg_0_15_60_65                                                   |    <0.001 |
|       axi_wfifo_reg_0_15_66_71                                                   |    <0.001 |
|       axi_wfifo_reg_0_15_6_11                                                    |    <0.001 |
|       axi_wfifo_reg_0_15_72_72                                                   |    <0.001 |
|     axi_master[1]                                                                |     0.003 |
|       axi_awfifo_reg_0_15_0_5                                                    |    <0.001 |
|       axi_awfifo_reg_0_15_12_17                                                  |    <0.001 |
|       axi_awfifo_reg_0_15_18_23                                                  |    <0.001 |
|       axi_awfifo_reg_0_15_24_29                                                  |    <0.001 |
|       axi_awfifo_reg_0_15_30_35                                                  |    <0.001 |
|       axi_awfifo_reg_0_15_36_36                                                  |    <0.001 |
|       axi_awfifo_reg_0_15_6_11                                                   |    <0.001 |
|       axi_wfifo_reg_0_15_0_5                                                     |    <0.001 |
|       axi_wfifo_reg_0_15_12_17                                                   |    <0.001 |
|       axi_wfifo_reg_0_15_18_23                                                   |    <0.001 |
|       axi_wfifo_reg_0_15_24_29                                                   |    <0.001 |
|       axi_wfifo_reg_0_15_30_35                                                   |    <0.001 |
|       axi_wfifo_reg_0_15_36_41                                                   |    <0.001 |
|       axi_wfifo_reg_0_15_42_47                                                   |    <0.001 |
|       axi_wfifo_reg_0_15_48_53                                                   |    <0.001 |
|       axi_wfifo_reg_0_15_54_59                                                   |    <0.001 |
|       axi_wfifo_reg_0_15_60_65                                                   |    <0.001 |
|       axi_wfifo_reg_0_15_66_71                                                   |    <0.001 |
|       axi_wfifo_reg_0_15_6_11                                                    |    <0.001 |
|       axi_wfifo_reg_0_15_72_72                                                   |    <0.001 |
|     axi_slave_gp0                                                                |     0.002 |
|     system_i                                                                     |     1.267 |
|       system_i                                                                   |     1.267 |
|         axi_protocol_converter_0                                                 |     0.013 |
|           inst                                                                   |     0.013 |
|             gen_axilite.gen_b2s_conv.axilite_b2s                                 |     0.013 |
|               MI_REG                                                             |     0.000 |
|                 ar_pipe                                                          |     0.000 |
|                 aw_pipe                                                          |     0.000 |
|                 axi_infrastructure_v1_1_axi2vector_0                             |     0.000 |
|                 axi_infrastructure_v1_1_vector2axi_0                             |     0.000 |
|                 b_pipe                                                           |     0.000 |
|                 r_pipe                                                           |     0.000 |
|                 w_pipe                                                           |     0.000 |
|               RD.ar_channel_0                                                    |     0.002 |
|                 ar_cmd_fsm_0                                                     |    <0.001 |
|                 cmd_translator_0                                                 |     0.002 |
|                   incr_cmd_0                                                     |    <0.001 |
|                   wrap_cmd_0                                                     |    <0.001 |
|               RD.r_channel_0                                                     |     0.003 |
|                 rd_data_fifo_0                                                   |     0.002 |
|                 transaction_fifo_0                                               |    <0.001 |
|               SI_REG                                                             |     0.003 |
|                 ar_pipe                                                          |    <0.001 |
|                 aw_pipe                                                          |     0.001 |
|                 axi_infrastructure_v1_1_axi2vector_0                             |     0.000 |
|                 axi_infrastructure_v1_1_vector2axi_0                             |     0.000 |
|                 b_pipe                                                           |    <0.001 |
|                 r_pipe                                                           |     0.001 |
|                 w_pipe                                                           |     0.000 |
|               WR.aw_channel_0                                                    |     0.003 |
|                 aw_cmd_fsm_0                                                     |    <0.001 |
|                 cmd_translator_0                                                 |     0.002 |
|                   incr_cmd_0                                                     |    <0.001 |
|                   wrap_cmd_0                                                     |     0.001 |
|               WR.b_channel_0                                                     |    <0.001 |
|                 bid_fifo_0                                                       |    <0.001 |
|                 bresp_fifo_0                                                     |    <0.001 |
|         proc_sys_reset                                                           |    <0.001 |
|           U0                                                                     |    <0.001 |
|             EXT_LPF                                                              |    <0.001 |
|               ACTIVE_LOW_EXT.ACT_LO_EXT                                          |    <0.001 |
|             SEQ                                                                  |    <0.001 |
|               SEQ_COUNTER                                                        |    <0.001 |
|         processing_system7                                                       |     1.245 |
|           inst                                                                   |     1.245 |
|         xadc                                                                     |     0.008 |
|           inst                                                                   |     0.008 |
|             AXI_LITE_IPIF_I                                                      |     0.002 |
|               I_SLAVE_ATTACHMENT                                                 |     0.002 |
|                 I_DECODER                                                        |    <0.001 |
|                   MEM_DECODE_GEN[0].GEN_FOR_MULTI_CS.MEM_SELECT_I                |    <0.001 |
|                   MEM_DECODE_GEN[0].PER_CE_GEN[0].MULTIPLE_CES_THIS_CS_GEN.CE_I  |    <0.001 |
|                   MEM_DECODE_GEN[0].PER_CE_GEN[1].MULTIPLE_CES_THIS_CS_GEN.CE_I  |    <0.001 |
|                   MEM_DECODE_GEN[0].PER_CE_GEN[2].MULTIPLE_CES_THIS_CS_GEN.CE_I  |    <0.001 |
|                   MEM_DECODE_GEN[0].PER_CE_GEN[3].MULTIPLE_CES_THIS_CS_GEN.CE_I  |    <0.001 |
|                   MEM_DECODE_GEN[0].PER_CE_GEN[4].MULTIPLE_CES_THIS_CS_GEN.CE_I  |    <0.001 |
|                   MEM_DECODE_GEN[0].PER_CE_GEN[5].MULTIPLE_CES_THIS_CS_GEN.CE_I  |    <0.001 |
|                   MEM_DECODE_GEN[0].PER_CE_GEN[6].MULTIPLE_CES_THIS_CS_GEN.CE_I  |    <0.001 |
|                   MEM_DECODE_GEN[0].PER_CE_GEN[7].MULTIPLE_CES_THIS_CS_GEN.CE_I  |    <0.001 |
|                   MEM_DECODE_GEN[1].GEN_FOR_MULTI_CS.MEM_SELECT_I                |    <0.001 |
|                   MEM_DECODE_GEN[1].PER_CE_GEN[0].MULTIPLE_CES_THIS_CS_GEN.CE_I  |    <0.001 |
|                   MEM_DECODE_GEN[1].PER_CE_GEN[10].MULTIPLE_CES_THIS_CS_GEN.CE_I |    <0.001 |
|                   MEM_DECODE_GEN[1].PER_CE_GEN[11].MULTIPLE_CES_THIS_CS_GEN.CE_I |    <0.001 |
|                   MEM_DECODE_GEN[1].PER_CE_GEN[12].MULTIPLE_CES_THIS_CS_GEN.CE_I |    <0.001 |
|                   MEM_DECODE_GEN[1].PER_CE_GEN[13].MULTIPLE_CES_THIS_CS_GEN.CE_I |    <0.001 |
|                   MEM_DECODE_GEN[1].PER_CE_GEN[14].MULTIPLE_CES_THIS_CS_GEN.CE_I |    <0.001 |
|                   MEM_DECODE_GEN[1].PER_CE_GEN[15].MULTIPLE_CES_THIS_CS_GEN.CE_I |    <0.001 |
|                   MEM_DECODE_GEN[1].PER_CE_GEN[1].MULTIPLE_CES_THIS_CS_GEN.CE_I  |    <0.001 |
|                   MEM_DECODE_GEN[1].PER_CE_GEN[2].MULTIPLE_CES_THIS_CS_GEN.CE_I  |    <0.001 |
|                   MEM_DECODE_GEN[1].PER_CE_GEN[3].MULTIPLE_CES_THIS_CS_GEN.CE_I  |    <0.001 |
|                   MEM_DECODE_GEN[1].PER_CE_GEN[4].MULTIPLE_CES_THIS_CS_GEN.CE_I  |    <0.001 |
|                   MEM_DECODE_GEN[1].PER_CE_GEN[5].MULTIPLE_CES_THIS_CS_GEN.CE_I  |    <0.001 |
|                   MEM_DECODE_GEN[1].PER_CE_GEN[6].MULTIPLE_CES_THIS_CS_GEN.CE_I  |    <0.001 |
|                   MEM_DECODE_GEN[1].PER_CE_GEN[7].MULTIPLE_CES_THIS_CS_GEN.CE_I  |    <0.001 |
|                   MEM_DECODE_GEN[1].PER_CE_GEN[8].MULTIPLE_CES_THIS_CS_GEN.CE_I  |    <0.001 |
|                   MEM_DECODE_GEN[1].PER_CE_GEN[9].MULTIPLE_CES_THIS_CS_GEN.CE_I  |    <0.001 |
|                   MEM_DECODE_GEN[2].GEN_FOR_MULTI_CS.MEM_SELECT_I                |    <0.001 |
|             AXI_XADC_CORE_I                                                      |     0.005 |
|             INTR_CTRLR_GEN_I.INTERRUPT_CONTROL_I                                 |    <0.001 |
|             SOFT_RESET_I                                                         |    <0.001 |
|   i_scope                                                                        |     0.082 |
|     i_dfilt1_cha                                                                 |     0.009 |
|     i_dfilt1_chb                                                                 |     0.008 |
|     i_wr0                                                                        |     0.005 |
|     i_wr1                                                                        |     0.005 |
|   pll                                                                            |     0.096 |
|   pwm[0]                                                                         |    <0.001 |
|   pwm[1]                                                                         |    <0.001 |
|   pwm[2]                                                                         |     0.002 |
|   pwm[3]                                                                         |     0.002 |
+----------------------------------------------------------------------------------+-----------+


